[    0.000000] Linux version 4.15.0-212-generic (buildd@lcy02-amd64-083) (gcc version 7.5.0 (Ubuntu 7.5.0-3ubuntu1~18.04)) #223-Ubuntu SMP Tue May 23 13:09:22 UTC 2023 (Ubuntu 4.15.0-212.223-generic 4.15.18)
[    0.000000] Command line: BOOT_IMAGE=/boot/vmlinuz-4.15.0-212-generic root=LABEL=cloudimg-rootfs ro console=tty1 console=ttyS0
[    0.000000] KERNEL supported cpus:
[    0.000000]   Intel GenuineIntel
[    0.000000]   AMD AuthenticAMD
[    0.000000]   Centaur CentaurHauls
[    0.000000] x86/fpu: x87 FPU will use FXSAVE
[    0.000000] e820: BIOS-provided physical RAM map:
[    0.000000] BIOS-e820: [mem 0x0000000000000000-0x000000000009fbff] usable
[    0.000000] BIOS-e820: [mem 0x000000000009fc00-0x000000000009ffff] reserved
[    0.000000] BIOS-e820: [mem 0x00000000000f0000-0x00000000000fffff] reserved
[    0.000000] BIOS-e820: [mem 0x0000000000100000-0x000000007ffeffff] usable
[    0.000000] BIOS-e820: [mem 0x000000007fff0000-0x000000007fffffff] ACPI data
[    0.000000] BIOS-e820: [mem 0x00000000fec00000-0x00000000fec00fff] reserved
[    0.000000] BIOS-e820: [mem 0x00000000fee00000-0x00000000fee00fff] reserved
[    0.000000] BIOS-e820: [mem 0x00000000fffc0000-0x00000000ffffffff] reserved
[    0.000000] NX (Execute Disable) protection: active
[    0.000000] SMBIOS 2.5 present.
[    0.000000] DMI: innotek GmbH VirtualBox/VirtualBox, BIOS VirtualBox 12/01/2006
[    0.000000] Hypervisor detected: KVM
[    0.000000] e820: last_pfn = 0x7fff0 max_arch_pfn = 0x400000000
[    0.000000] MTRR: Disabled
[    0.000000] x86/PAT: MTRRs disabled, skipping PAT initialization too.
[    0.000000] CPU MTRRs all blank - virtualized system.
[    0.000000] x86/PAT: Configuration [0-7]: WB  WT  UC- UC  WB  WT  UC- UC  
[    0.000000] found SMP MP-table at [mem 0x0009fff0-0x0009ffff]
[    0.000000] Scanning 1 areas for low memory corruption
[    0.000000] RAMDISK: [mem 0x359cb000-0x36cdcfff]
[    0.000000] ACPI: Early table checksum verification disabled
[    0.000000] ACPI: RSDP 0x00000000000E0000 000024 (v02 VBOX  )
[    0.000000] ACPI: XSDT 0x000000007FFF0030 00003C (v01 VBOX   VBOXXSDT 00000001 ASL  00000061)
[    0.000000] ACPI: FACP 0x000000007FFF00F0 0000F4 (v04 VBOX   VBOXFACP 00000001 ASL  00000061)
[    0.000000] ACPI: DSDT 0x000000007FFF0610 002353 (v02 VBOX   VBOXBIOS 00000002 INTL 20100528)
[    0.000000] ACPI: FACS 0x000000007FFF0200 000040
[    0.000000] ACPI: FACS 0x000000007FFF0200 000040
[    0.000000] ACPI: APIC 0x000000007FFF0240 00005C (v02 VBOX   VBOXAPIC 00000001 ASL  00000061)
[    0.000000] ACPI: SSDT 0x000000007FFF02A0 00036C (v01 VBOX   VBOXCPUT 00000002 INTL 20100528)
[    0.000000] ACPI: Reserving FACP table memory at [mem 0x7fff00f0-0x7fff01e3]
[    0.000000] ACPI: Reserving DSDT table memory at [mem 0x7fff0610-0x7fff2962]
[    0.000000] ACPI: Reserving FACS table memory at [mem 0x7fff0200-0x7fff023f]
[    0.000000] ACPI: Reserving FACS table memory at [mem 0x7fff0200-0x7fff023f]
[    0.000000] ACPI: Reserving APIC table memory at [mem 0x7fff0240-0x7fff029b]
[    0.000000] ACPI: Reserving SSDT table memory at [mem 0x7fff02a0-0x7fff060b]
[    0.000000] No NUMA configuration found
[    0.000000] Faking a node at [mem 0x0000000000000000-0x000000007ffeffff]
[    0.000000] NODE_DATA(0) allocated [mem 0x7ffc5000-0x7ffeffff]
[    0.000000] kvm-clock: cpu 0, msr 0:7ff44001, primary cpu clock
[    0.000000] kvm-clock: Using msrs 4b564d01 and 4b564d00
[    0.000000] kvm-clock: using sched offset of 5775802086 cycles
[    0.000000] clocksource: kvm-clock: mask: 0xffffffffffffffff max_cycles: 0x1cd42e4dffb, max_idle_ns: 881590591483 ns
[    0.000000] Zone ranges:
[    0.000000]   DMA      [mem 0x0000000000001000-0x0000000000ffffff]
[    0.000000]   DMA32    [mem 0x0000000001000000-0x000000007ffeffff]
[    0.000000]   Normal   empty
[    0.000000]   Device   empty
[    0.000000] Movable zone start for each node
[    0.000000] Early memory node ranges
[    0.000000]   node   0: [mem 0x0000000000001000-0x000000000009efff]
[    0.000000]   node   0: [mem 0x0000000000100000-0x000000007ffeffff]
[    0.000000] Reserved but unavailable: 104 pages
[    0.000000] Initmem setup node 0 [mem 0x0000000000001000-0x000000007ffeffff]
[    0.000000] ACPI: PM-Timer IO Port: 0x4008
[    0.000000] IOAPIC[0]: apic_id 2, version 32, address 0xfec00000, GSI 0-23
[    0.000000] ACPI: INT_SRC_OVR (bus 0 bus_irq 0 global_irq 2 dfl dfl)
[    0.000000] ACPI: INT_SRC_OVR (bus 0 bus_irq 9 global_irq 9 low level)
[    0.000000] Using ACPI (MADT) for SMP configuration information
[    0.000000] smpboot: Allowing 2 CPUs, 0 hotplug CPUs
[    0.000000] PM: Registered nosave memory: [mem 0x00000000-0x00000fff]
[    0.000000] PM: Registered nosave memory: [mem 0x0009f000-0x0009ffff]
[    0.000000] PM: Registered nosave memory: [mem 0x000a0000-0x000effff]
[    0.000000] PM: Registered nosave memory: [mem 0x000f0000-0x000fffff]
[    0.000000] e820: [mem 0x80000000-0xfebfffff] available for PCI devices
[    0.000000] Booting paravirtualized kernel on KVM
[    0.000000] clocksource: refined-jiffies: mask: 0xffffffff max_cycles: 0xffffffff, max_idle_ns: 7645519600211568 ns
[    0.000000] setup_percpu: NR_CPUS:8192 nr_cpumask_bits:2 nr_cpu_ids:2 nr_node_ids:1
[    0.000000] percpu: Embedded 50 pages/cpu s167936 r8192 d28672 u1048576
[    0.000000] PV qspinlock hash table entries: 256 (order: 0, 4096 bytes)
[    0.000000] Built 1 zonelists, mobility grouping on.  Total pages: 515961
[    0.000000] Policy zone: DMA32
[    0.000000] Kernel command line: BOOT_IMAGE=/boot/vmlinuz-4.15.0-212-generic root=LABEL=cloudimg-rootfs ro console=tty1 console=ttyS0
[    0.000000] Memory: 2014836K/2096696K available (12300K kernel code, 2477K rwdata, 4324K rodata, 2480K init, 2720K bss, 81860K reserved, 0K cma-reserved)
[    0.000000] SLUB: HWalign=64, Order=0-3, MinObjects=0, CPUs=2, Nodes=1
[    0.000000] ftrace: allocating 39508 entries in 155 pages
[    0.004000] Hierarchical RCU implementation.
[    0.004000] 	RCU restricting CPUs from NR_CPUS=8192 to nr_cpu_ids=2.
[    0.004000] 	Tasks RCU enabled.
[    0.004000] RCU: Adjusting geometry for rcu_fanout_leaf=16, nr_cpu_ids=2
[    0.004000] NR_IRQS: 524544, nr_irqs: 440, preallocated irqs: 16
[    0.004000] random: crng init done
[    0.004000] Console: colour VGA+ 80x25
[    0.004000] console [tty1] enabled
[    0.004000] console [ttyS0] enabled
[    0.004000] ACPI: Core revision 20170831
[    0.004000] ACPI: 2 ACPI AML tables successfully acquired and loaded
[    0.004000] APIC: Switch to symmetric I/O mode setup
[    0.004000] ..TIMER: vector=0x30 apic1=0 pin1=2 apic2=-1 pin2=-1
[    0.004013] tsc: Detected 2611.208 MHz processor
[    0.008021] Calibrating delay loop (skipped) preset value.. 5222.41 BogoMIPS (lpj=10444832)
[    0.012018] pid_max: default: 32768 minimum: 301
[    0.020031] Security Framework initialized
[    0.024013] Yama: becoming mindful.
[    0.028305] AppArmor: AppArmor initialized
[    0.066222] Dentry cache hash table entries: 262144 (order: 9, 2097152 bytes)
[    0.084401] Inode-cache hash table entries: 131072 (order: 8, 1048576 bytes)
[    0.092310] Mount-cache hash table entries: 4096 (order: 3, 32768 bytes)
[    0.100239] Mountpoint-cache hash table entries: 4096 (order: 3, 32768 bytes)
[    0.113527] Last level iTLB entries: 4KB 0, 2MB 0, 4MB 0
[    0.116017] Last level dTLB entries: 4KB 0, 2MB 0, 4MB 0, 1GB 0
[    0.120015] Spectre V1 : Mitigation: usercopy/swapgs barriers and __user pointer sanitization
[    0.124014] Spectre V2 : Mitigation: Enhanced IBRS
[    0.128010] Spectre V2 : Spectre v2 / SpectreRSB mitigation: Filling RSB on context switch
[    0.132011] Spectre V2 : Spectre v2 / PBRSB-eIBRS: Retire a single CALL on VMEXIT
[    0.136011] RETBleed: Mitigation: Enhanced IBRS
[    0.140011] Speculative Store Bypass: Vulnerable
[    0.144411] Freeing SMP alternatives memory: 36K
[    0.270417] smpboot: CPU0: 12th Gen Intel(R) Core(TM) i7-1255U (family: 0x6, model: 0x9a, stepping: 0x4)
[    0.276572] Performance Events: unsupported p6 CPU model 154 no PMU driver, software events only.
[    0.280195] Hierarchical SRCU implementation.
[    0.284920] NMI watchdog: Perf event create on CPU 0 failed with -2
[    0.288273] NMI watchdog: Perf NMI watchdog permanently disabled
[    0.293269] smp: Bringing up secondary CPUs ...
[    0.301359] x86: Booting SMP configuration:
[    0.304011] .... node  #0, CPUs:      #1
[    0.004000] kvm-clock: cpu 1, msr 0:7ff44041, secondary cpu clock
[    0.334447] TSC synchronization [CPU#0 -> CPU#1]:
[    0.336000] Measured 96854 cycles TSC warp between CPUs, turning off TSC clock.
[    0.336000] tsc: Marking TSC unstable due to check_tsc_sync_source failed
[    0.340619] smp: Brought up 1 node, 2 CPUs
[    0.344012] smpboot: Max logical packages: 1
[    0.348012] smpboot: Total of 2 processors activated (10444.83 BogoMIPS)
[    0.356011] devtmpfs: initialized
[    0.360378] x86/mm: Memory block size: 128MB
[    0.368931] evm: security.selinux
[    0.372011] evm: security.SMACK64
[    0.376009] evm: security.SMACK64EXEC
[    0.380012] evm: security.SMACK64TRANSMUTE
[    0.384006] evm: security.SMACK64MMAP
[    0.388010] evm: security.apparmor
[    0.392012] evm: security.ima
[    0.396010] evm: security.capability
[    0.409268] clocksource: jiffies: mask: 0xffffffff max_cycles: 0xffffffff, max_idle_ns: 7645041785100000 ns
[    0.416030] futex hash table entries: 512 (order: 3, 32768 bytes)
[    0.420582] pinctrl core: initialized pinctrl subsystem
[    0.426112] RTC time: 12:21:34, date: 08/19/24
[    0.432715] NET: Registered protocol family 16
[    0.436599] audit: initializing netlink subsys (disabled)
[    0.444130] audit: type=2000 audit(1724070100.369:1): state=initialized audit_enabled=0 res=1
[    0.476035] cpuidle: using governor ladder
[    0.480034] cpuidle: using governor menu
[    0.484111] ACPI: bus type PCI registered
[    0.488000] acpiphp: ACPI Hot Plug PCI Controller Driver version: 0.5
[    0.488000] PCI: Using configuration type 1 for base access
[    0.504033] HugeTLB registered 2.00 MiB page size, pre-allocated 0 pages
[    0.525187] ACPI: Added _OSI(Module Device)
[    0.528012] ACPI: Added _OSI(Processor Device)
[    0.532015] ACPI: Added _OSI(3.0 _SCP Extensions)
[    0.536013] ACPI: Added _OSI(Processor Aggregator Device)
[    0.540019] ACPI: Added _OSI(Linux-Dell-Video)
[    0.544021] ACPI: Added _OSI(Linux-Lenovo-NV-HDMI-Audio)
[    0.548017] ACPI: Added _OSI(Linux-HPI-Hybrid-Graphics)
[    0.558589] ACPI: Executed 1 blocks of module-level executable AML code
[    0.572589] ACPI: Interpreter enabled
[    0.576045] ACPI: (supports S0 S5)
[    0.580012] ACPI: Using IOAPIC for interrupt routing
[    0.585376] PCI: Using host bridge windows from ACPI; if necessary, use "pci=nocrs" and report a bug
[    0.592601] ACPI: Enabled 2 GPEs in block 00 to 07
[    0.637877] ACPI: PCI Root Bridge [PCI0] (domain 0000 [bus 00-ff])
[    0.640041] acpi PNP0A03:00: _OSC: OS supports [ASPM ClockPM Segments MSI]
[    0.649314] acpi PNP0A03:00: _OSC: not requesting OS control; OS requires [ExtendedConfig ASPM ClockPM MSI]
[    0.652041] acpi PNP0A03:00: fail to add MMCONFIG information, can't access extended PCI configuration space under this bridge.
[    0.658433] PCI host bridge to bus 0000:00
[    0.660015] pci_bus 0000:00: root bus resource [io  0x0000-0x0cf7 window]
[    0.664013] pci_bus 0000:00: root bus resource [io  0x0d00-0xffff window]
[    0.668014] pci_bus 0000:00: root bus resource [mem 0x000a0000-0x000bffff window]
[    0.672020] pci_bus 0000:00: root bus resource [mem 0x80000000-0xfdffffff window]
[    0.676021] pci_bus 0000:00: root bus resource [bus 00-ff]
[    0.712455] pci 0000:00:01.1: legacy IDE quirk: reg 0x10: [io  0x01f0-0x01f7]
[    0.716016] pci 0000:00:01.1: legacy IDE quirk: reg 0x14: [io  0x03f6]
[    0.720015] pci 0000:00:01.1: legacy IDE quirk: reg 0x18: [io  0x0170-0x0177]
[    0.724017] pci 0000:00:01.1: legacy IDE quirk: reg 0x1c: [io  0x0376]
[    0.795150] pci 0000:00:07.0: quirk: [io  0x4000-0x403f] claimed by PIIX4 ACPI
[    0.796149] pci 0000:00:07.0: quirk: [io  0x4100-0x410f] claimed by PIIX4 SMB
[    0.833360] ACPI: PCI Interrupt Link [LNKA] (IRQs 5 9 10 *11)
[    0.837010] ACPI: PCI Interrupt Link [LNKB] (IRQs 5 9 *10 11)
[    0.840573] ACPI: PCI Interrupt Link [LNKC] (IRQs 5 *9 10 11)
[    0.844886] ACPI: PCI Interrupt Link [LNKD] (IRQs 5 9 10 *11)
[    0.853786] SCSI subsystem initialized
[    0.860655] pci 0000:00:02.0: vgaarb: setting as boot VGA device
[    0.864000] pci 0000:00:02.0: vgaarb: VGA device added: decodes=io+mem,owns=io+mem,locks=none
[    0.864017] pci 0000:00:02.0: vgaarb: bridge control possible
[    0.868010] vgaarb: loaded
[    0.872345] ACPI: bus type USB registered
[    0.876061] usbcore: registered new interface driver usbfs
[    0.880151] usbcore: registered new interface driver hub
[    0.884042] usbcore: registered new device driver usb
[    0.888437] EDAC MC: Ver: 3.0.0
[    0.900314] PCI: Using ACPI for IRQ routing
[    0.906762] NetLabel: Initializing
[    0.908011] NetLabel:  domain hash size = 128
[    0.912010] NetLabel:  protocols = UNLABELED CIPSOv4 CALIPSO
[    0.916556] NetLabel:  unlabeled traffic allowed by default
[    0.924863] clocksource: Switched to clocksource kvm-clock
[    0.950683] VFS: Disk quotas dquot_6.6.0
[    0.950683] VFS: Dquot-cache hash table entries: 512 (order 0, 4096 bytes)
[    0.950683] AppArmor: AppArmor Filesystem Enabled
[    0.950683] pnp: PnP ACPI init
[    0.950683] pnp: PnP ACPI: found 3 devices
[    1.258114] clocksource: acpi_pm: mask: 0xffffff max_cycles: 0xffffff, max_idle_ns: 2085701024 ns
[    1.261933] NET: Registered protocol family 2
[    1.293774] IP idents hash table entries: 32768 (order: 6, 262144 bytes)
[    1.316872] TCP established hash table entries: 16384 (order: 5, 131072 bytes)
[    1.336619] TCP bind hash table entries: 16384 (order: 6, 262144 bytes)
[    1.340206] TCP: Hash tables configured (established 16384 bind 16384)
[    1.340206] UDP hash table entries: 1024 (order: 3, 32768 bytes)
[    1.340206] UDP-Lite hash table entries: 1024 (order: 3, 32768 bytes)
[    1.340206] NET: Registered protocol family 1
[    1.340206] pci 0000:00:00.0: Limiting direct PCI/PCI transfers
[    1.340206] pci 0000:00:01.0: Activating ISA DMA hang workarounds
[    1.340206] pci 0000:00:02.0: Video device with shadowed ROM at [mem 0x000c0000-0x000dffff]
[    1.340206] Unpacking initramfs...
[    2.940626] Freeing initrd memory: 19528K
[    2.956828] clocksource: tsc: mask: 0xffffffffffffffff max_cycles: 0x25a39815946, max_idle_ns: 440795282683 ns
[    2.987115] platform rtc_cmos: registered platform RTC device (no PNP device found)
[    3.011451] Scanning for low memory corruption every 60 seconds
[    3.041365] Initialise system trusted keyrings
[    3.054181] Key type blacklist registered
[    3.067389] workingset: timestamp_bits=36 max_order=19 bucket_order=0
[    3.096698] zbud: loaded
[    3.110895] squashfs: version 4.0 (2009/01/31) Phillip Lougher
[    3.133290] fuse init (API version 7.26)
[    3.243080] Key type asymmetric registered
[    3.256226] Asymmetric key parser 'x509' registered
[    3.271744] Block layer SCSI generic (bsg) driver version 0.4 loaded (major 246)
[    3.294516] io scheduler noop registered
[    3.305985] io scheduler deadline registered
[    3.316827] io scheduler cfq registered (default)
[    3.333053] ACPI: AC Adapter [AC] (on-line)
[    3.345975] input: Power Button as /devices/LNXSYSTM:00/LNXPWRBN:00/input/input0
[    3.369974] ACPI: Power Button [PWRF]
[    3.382545] input: Sleep Button as /devices/LNXSYSTM:00/LNXSLPBN:00/input/input1
[    3.405786] ACPI: Sleep Button [SLPF]
[    3.425968] ACPI: Battery Slot [BAT0] (battery present)
[    3.447422] Serial: 8250/16550 driver, 32 ports, IRQ sharing enabled
[    3.514740] 00:02: ttyS0 at I/O 0x3f8 (irq = 4, base_baud = 115200) is a 16550A
[    3.552214] Linux agpgart interface v0.103
[    3.588354] loop: module loaded
[    3.609842] scsi host0: ata_piix
[    3.625459] scsi host1: ata_piix
[    3.638432] ata1: PATA max UDMA/33 cmd 0x1f0 ctl 0x3f6 bmdma 0xd000 irq 14
[    3.656373] ata2: PATA max UDMA/33 cmd 0x170 ctl 0x376 bmdma 0xd008 irq 15
[    3.683651] tun: Universal TUN/TAP device driver, 1.6
[    3.701968] PPP generic driver version 2.4.2
[    3.732185] ehci_hcd: USB 2.0 'Enhanced' Host Controller (EHCI) Driver
[    3.757269] ehci-pci: EHCI PCI platform driver
[    3.765400] ehci-platform: EHCI generic platform driver
[    3.773546] ohci_hcd: USB 1.1 'Open' Host Controller (OHCI) Driver
[    3.783959] ohci-pci: OHCI PCI platform driver
[    3.791726] ohci-platform: OHCI generic platform driver
[    3.805396] uhci_hcd: USB Universal Host Controller Interface driver
[    3.823489] i8042: PNP: PS/2 Controller [PNP0303:PS2K,PNP0f03:PS2M] at 0x60,0x64 irq 1,12
[    3.923760] serio: i8042 KBD port at 0x60,0x64 irq 1
[    3.940949] serio: i8042 AUX port at 0x60,0x64 irq 12
[    3.957109] mousedev: PS/2 mouse device common for all mice
[    3.977604] rtc_cmos rtc_cmos: rtc core: registered rtc_cmos as rtc0
[    4.000920] rtc_cmos rtc_cmos: alarms up to one day, 114 bytes nvram
[    4.021361] i2c /dev entries driver
[    4.032593] device-mapper: uevent: version 1.0.3
[    4.047014] device-mapper: ioctl: 4.37.0-ioctl (2017-09-20) initialised: dm-devel@redhat.com
[    4.073953] input: AT Translated Set 2 keyboard as /devices/platform/i8042/serio0/input/input2
[    4.074297] ledtrig-cpu: registered to indicate activity on CPUs
[    4.119153] NET: Registered protocol family 10
[    4.157121] Segment Routing with IPv6
[    4.170124] NET: Registered protocol family 17
[    4.186766] Key type dns_resolver registered
[    4.205170] mce: Using 0 MCE banks
[    4.218255] RAS: Correctable Errors collector initialized.
[    4.234899] sched_clock: Marking stable (4234716260, 0)->(7545741824, -3311025564)
[    4.274912] registered taskstats version 1
[    4.288793] Loading compiled-in X.509 certificates
[    4.314669] Loaded X.509 cert 'Build time autogenerated kernel key: b5b26778eaa3ab3a4a6cee031137706e947d12ad'
[    4.345383] Loaded X.509 cert 'Canonical Ltd. Live Patch Signing: 14df34d1a87cf37625abec039ef2bf521249b969'
[    4.379669] Loaded X.509 cert 'Canonical Ltd. Kernel Module Signing: 88f752e560a1e0737e31163a466ad7b70a850c19'
[    4.409821] blacklist: Loading compiled-in revocation X.509 certificates
[    4.432848] Loaded X.509 cert 'Canonical Ltd. Secure Boot Signing: 61482aa2830d0ab2ad5af10b7250da9033ddcef0'
[    4.465400] Loaded X.509 cert 'Canonical Ltd. Secure Boot Signing (2017): 242ade75ac4a15e50d50c84b0d45ff3eae707a03'
[    4.499032] Loaded X.509 cert 'Canonical Ltd. Secure Boot Signing (ESM 2018): 365188c1d374d6b07c3c8f240f8ef722433d6a8b'
[    4.532995] Loaded X.509 cert 'Canonical Ltd. Secure Boot Signing (2019): c0746fd6c5da3ae827864651ad66ae47fe24b3e8'
[    4.564573] Loaded X.509 cert 'Canonical Ltd. Secure Boot Signing (2021 v1): a8d54bbb3825cfb94fa13c9f8a594a195c107b8d'
[    4.595687] Loaded X.509 cert 'Canonical Ltd. Secure Boot Signing (2021 v2): 4cf046892d6fd3c9a5b03f98d845f90851dc6a8c'
[    4.626637] Loaded X.509 cert 'Canonical Ltd. Secure Boot Signing (2021 v3): 100437bb6de6e469b581e61cd66bce3ef4ed53af'
[    4.660423] Loaded X.509 cert 'Canonical Ltd. Secure Boot Signing (Ubuntu Core 2019): c1d57b8f6b743f23ee41f4f7ee292f06eecadfb9'
[    4.698783] zswap: loaded using pool lzo/zbud
[    4.750384] Key type big_key registered
[    4.763929] Key type trusted registered
[    4.790018] Key type encrypted registered
[    4.804543] AppArmor: AppArmor sha1 policy hashing enabled
[    4.818921] ima: No TPM chip found, activating TPM-bypass! (rc=-19)
[    4.838675] ima: Allocated hash algorithm: sha1
[    4.853917] evm: HMAC attrs: 0x1
[    4.867414]   Magic number: 4:535:380
[    4.880456] rtc_cmos rtc_cmos: setting system clock to 2024-08-19 12:21:39 UTC (1724070099)
[    4.902482] BIOS EDD facility v0.16 2004-Jun-25, 0 devices found
[    4.922179] EDD information not available.
[    4.946521] Freeing unused kernel image memory: 2480K
[    4.988761] Write protecting the kernel read-only data: 20480k
[    5.012660] Freeing unused kernel image memory: 2008K
[    5.030511] Freeing unused kernel image memory: 1820K
[    5.059627] x86/mm: Checked W+X mappings: passed, no W+X pages found.
Loading, please wait...
starting version 237
[    5.382200] e1000: Intel(R) PRO/1000 Network Driver - version 7.3.21-k8-NAPI
[    5.402967] e1000: Copyright (c) 1999-2006 Intel Corporation.
[    5.454237] Fusion MPT base driver 3.04.20
[    5.470626] Copyright (c) 1999-2008 LSI Corporation
[    5.555564] Fusion MPT SPI Host driver 3.04.20
[    5.581542] SSE version of gcm_enc/dec engaged.
[    5.809985] input: ImExPS/2 Generic Explorer Mouse as /devices/platform/i8042/serio1/input/input4
[    7.018475] e1000 0000:00:03.0 eth0: (PCI:33MHz:32-bit) 02:3b:7b:b7:3b:2d
[    7.037699] e1000 0000:00:03.0 eth0: Intel(R) PRO/1000 Network Connection
[    7.064409] mptbase: ioc0: Initiating bringup
[    7.795705] ioc0: LSI53C1030 A0: Capabilities={Initiator}
[    8.950715] scsi host2: ioc0: LSI53C1030 A0, FwRev=00000000h, Ports=1, MaxQ=256, IRQ=20
[   10.345773] scsi 2:0:0:0: Direct-Access     VBOX     HARDDISK         1.0  PQ: 0 ANSI: 5
[   10.621699] scsi target2:0:0: Beginning Domain Validation
[   10.663068] scsi target2:0:0: Domain Validation skipping write tests
[   10.684746] scsi target2:0:0: Ending Domain Validation
[   10.703093] scsi target2:0:0: asynchronous
[   10.725951] scsi 2:0:1:0: Direct-Access     VBOX     HARDDISK         1.0  PQ: 0 ANSI: 5
[   11.000626] scsi target2:0:1: Beginning Domain Validation
[   11.040778] scsi target2:0:1: Domain Validation skipping write tests
[   11.060875] scsi target2:0:1: Ending Domain Validation
[   11.077120] scsi target2:0:1: asynchronous
[   11.155832] sd 2:0:0:0: Attached scsi generic sg0 type 0
[   11.176106] sd 2:0:1:0: Attached scsi generic sg1 type 0
[   11.195680] sd 2:0:0:0: [sda] 83886080 512-byte logical blocks: (42.9 GB/40.0 GiB)
[   11.217573] sd 2:0:0:0: [sda] Write Protect is off
[   11.228051] sd 2:0:1:0: [sdb] 20480 512-byte logical blocks: (10.5 MB/10.0 MiB)
[   11.245746] sd 2:0:1:0: [sdb] Write Protect is off
[   11.262051] sd 2:0:0:0: [sda] Incomplete mode parameter data
[   11.277433] sd 2:0:0:0: [sda] Assuming drive cache: write through
[   11.299429] sd 2:0:1:0: [sdb] Incomplete mode parameter data
[   11.318904] sd 2:0:1:0: [sdb] Assuming drive cache: write through
[   11.353604]  sda: sda1
[   11.391510] sd 2:0:0:0: [sda] Attached SCSI disk
[   11.413099] sd 2:0:1:0: [sdb] Attached SCSI disk
[   11.993640] e1000 0000:00:08.0 eth1: (PCI:33MHz:32-bit) 08:00:27:e7:3e:64
[   12.014423] e1000 0000:00:08.0 eth1: Intel(R) PRO/1000 Network Connection
[   12.046806] e1000 0000:00:03.0 enp0s3: renamed from eth0
[  118.295206] INFO: rcu_sched self-detected stall on CPU
[  118.295281] INFO: rcu_sched self-detected stall on CPU
[  118.309372] 	0-...!: (1 ticks this GP) idle=22e/1/0 softirq=1337/1337 fqs=0 
[  118.338835] 	 (t=26562 jiffies g=-94 c=-95 q=133)
[  118.338922] 	1-...!: (1 GPs behind) idle=ec2/140000000000001/0 softirq=675/676 fqs=0 
[  118.347955] rcu_sched kthread starved for 26562 jiffies! g18446744073709551522 c18446744073709551521 f0x0 RCU_GP_WAIT_FQS(3) ->state=0x402 ->cpu=0
[  118.371589] 	 (t=26562 jiffies g=-94 c=-95 q=133)
[  118.406445] rcu_sched       I    0     8      2 0x80000000
[  118.421162] rcu_sched kthread starved for 26562 jiffies! g18446744073709551522 c18446744073709551521 f0x0 RCU_GP_WAIT_FQS(3) ->state=0x402 ->cpu=0
[  118.435954] Call Trace:
[  118.471163] rcu_sched       I    0     8      2 0x80000000
[  118.478932]  __schedule+0x24e/0x890
[  118.496110] Call Trace:
[  118.506281]  schedule+0x2c/0x80
[  118.514845]  __schedule+0x24e/0x890
[  118.525083]  schedule_timeout+0x15d/0x370
[  118.536621]  schedule+0x2c/0x80
[  118.549163]  ? __next_timer_interrupt+0xe0/0xe0
[  118.557202]  schedule_timeout+0x15d/0x370
[  118.570900]  rcu_gp_kthread+0x53a/0x980
[  118.583332]  ? __next_timer_interrupt+0xe0/0xe0
[  118.594132]  kthread+0x121/0x140
[  118.609279]  rcu_gp_kthread+0x53a/0x980
[  118.618646]  ? rcu_note_context_switch+0x150/0x150
[  118.631998]  kthread+0x121/0x140
[  118.645213]  ? kthread_create_worker_on_cpu+0x70/0x70
[  118.654995]  ? rcu_note_context_switch+0x150/0x150
[  118.669019]  ret_from_fork+0x1f/0x40
[  118.683157]  ? kthread_create_worker_on_cpu+0x70/0x70
[  118.694235] NMI backtrace for cpu 0
[  118.708216]  ret_from_fork+0x1f/0x40
[  118.716086] CPU: 0 PID: 0 Comm: swapper/0 Not tainted 4.15.0-212-generic #223-Ubuntu
[  118.748842] Hardware name: innotek GmbH VirtualBox/VirtualBox, BIOS VirtualBox 12/01/2006
[  118.771679] Call Trace:
[  118.779138]  <IRQ>
[  118.785534]  dump_stack+0x6d/0x8b
[  118.795955]  nmi_cpu_backtrace+0x94/0xa0
[  118.807761]  ? lapic_can_unplug_cpu+0xb0/0xb0
[  118.817646]  nmi_trigger_cpumask_backtrace+0xe7/0x130
[  118.828261]  arch_trigger_cpumask_backtrace+0x19/0x20
[  118.843103]  rcu_dump_cpu_stacks+0xa3/0xd5
[  118.854671]  rcu_check_callbacks+0x6cd/0x8e0
[  118.866966]  ? tick_sched_do_timer+0x50/0x50
[  118.880048]  update_process_times+0x2f/0x60
[  118.892441]  tick_sched_handle+0x26/0x70
[  118.903203]  ? tick_sched_do_timer+0x42/0x50
[  118.915070]  tick_sched_timer+0x39/0x80
[  118.926807]  __hrtimer_run_queues+0xdf/0x230
[  118.939896]  hrtimer_interrupt+0x97/0x180
[  118.951399]  smp_apic_timer_interrupt+0x6f/0x140
[  118.966174]  apic_timer_interrupt+0x90/0xa0
[  118.977977]  </IRQ>
[  118.985232] RIP: 0010:native_safe_halt+0x12/0x20
[  118.997918] RSP: 0018:ffffffffb7003e28 EFLAGS: 00010246 ORIG_RAX: ffffffffffffff11
[  119.017254] RAX: ffffffffb65cfa40 RBX: 0000000000000000 RCX: 0000000000000000
[  119.036907] RDX: 0000000000000000 RSI: 0000000000000000 RDI: 0000000000000000
[  119.057392] RBP: ffffffffb7003e28 R08: 0000000000000002 R09: 0000000000000001
[  119.078093] R10: 0000000000000000 R11: 0000000000000044 R12: 0000000000000000
[  119.094293] R13: 0000000000000000 R14: 0000000000000000 R15: 0000000000000000
[  119.112721]  ? __sched_text_end+0x1/0x1
[  119.123123]  default_idle+0x20/0x100
[  119.133025]  arch_cpu_idle+0x15/0x20
[  119.141516]  default_idle_call+0x23/0x30
[  119.152500]  do_idle+0x172/0x1f0
[  119.161378]  cpu_startup_entry+0x73/0x80
[  119.172243]  rest_init+0xae/0xb0
[  119.181743]  start_kernel+0x4c9/0x4ed
[  119.192664]  x86_64_start_reservations+0x24/0x26
[  119.206001]  x86_64_start_kernel+0x8e/0x91
[  119.217975]  secondary_startup_64+0xa5/0xb0
[  119.231073] Sending NMI from CPU 0 to CPUs 1:
[  119.245367] NMI backtrace for cpu 1 skipped: idling at native_halt+0x11/0x20
[  119.245418] Sending NMI from CPU 1 to CPUs 0:
[  119.283432] NMI backtrace for cpu 0 skipped: idling at native_halt+0x11/0x20
[  119.283436] NMI backtrace for cpu 1
[  119.318681] CPU: 1 PID: 150 Comm: systemd-udevd Not tainted 4.15.0-212-generic #223-Ubuntu
[  119.344126] Hardware name: innotek GmbH VirtualBox/VirtualBox, BIOS VirtualBox 12/01/2006
[  119.369954] Call Trace:
[  119.378997]  <IRQ>
[  119.386933]  dump_stack+0x6d/0x8b
[  119.398540]  nmi_cpu_backtrace+0x94/0xa0
[  119.410597]  ? lapic_can_unplug_cpu+0xb0/0xb0
[  119.425125]  nmi_trigger_cpumask_backtrace+0xe7/0x130
[  119.442280]  arch_trigger_cpumask_backtrace+0x19/0x20
[  119.458661]  rcu_dump_cpu_stacks+0xa3/0xd5
[  119.472591]  rcu_check_callbacks+0x6cd/0x8e0
[  119.487603]  ? tick_sched_do_timer+0x50/0x50
[  119.502113]  update_process_times+0x2f/0x60
[  119.515291]  tick_sched_handle+0x26/0x70
[  119.528484]  ? tick_sched_do_timer+0x50/0x50
[  119.543179]  tick_sched_timer+0x39/0x80
[  119.555689]  __hrtimer_run_queues+0xdf/0x230
[  119.571981]  hrtimer_interrupt+0x97/0x180
[  119.584778]  smp_apic_timer_interrupt+0x6f/0x140
[  119.599104]  apic_timer_interrupt+0x90/0xa0
[  119.612634]  </IRQ>
[  119.620511] RIP: 0010:do_syscall_64+0x23/0x130
[  119.635065] RSP: 0018:ffffb0d7805dbf38 EFLAGS: 00010246 ORIG_RAX: ffffffffffffff11
[  119.657237] RAX: 0000000000000000 RBX: ffffb0d7805dbf58 RCX: ffff91b8f8a08000
[  119.679366] RDX: 0000000000000000 RSI: 00005639429b3b00 RDI: ffffb0d7805dbf58
[  119.701074] RBP: ffffb0d7805dbf48 R08: 0000000000000000 R09: 0000000000000000
[  119.724169] R10: 0000000000000000 R11: 0000000000000000 R12: 0000000000000000
[  119.745636] R13: 0000000000000000 R14: 0000000000000000 R15: 0000000000000000
[  119.767111]  ? do_syscall_64+0x121/0x130
[  119.779133]  entry_SYSCALL_64_after_hwframe+0x59/0xbe
[  119.794302] RIP: 0033:0x7f26c8bc3031
[  119.804560] RSP: 002b:00007fff84d98678 EFLAGS: 00000246 ORIG_RAX: 0000000000000000
[  119.827992] RAX: ffffffffffffffda RBX: 0000563942985260 RCX: 00007f26c8bc3031
[  119.847155] RDX: 0000000000001000 RSI: 00005639429b3b00 RDI: 0000000000000005
[  119.867151] RBP: 00007f26c8e9b2a0 R08: 0000000000000077 R09: 0000000000000000
[  119.887895] R10: 0000563942985010 R11: 0000000000000246 R12: 00005639429b3b00
[  119.907716] R13: 0000000000001001 R14: 0000000000000d68 R15: 0000000000001001
[  119.985804] e1000 0000:00:08.0 enp0s8: renamed from eth1
Begin: Loading essential drivers ... [  123.444068] raid6: sse2x1   gen()  7486 MB/s
[  123.500911] raid6: sse2x1   xor()  4502 MB/s
[  123.556736] raid6: sse2x2   gen() 11783 MB/s
[  123.616769] raid6: sse2x2   xor()  6056 MB/s
[  123.673107] raid6: sse2x4   gen()  8956 MB/s
[  123.729046] raid6: sse2x4   xor()  4679 MB/s
[  123.741768] raid6: using algorithm sse2x2 gen() 11783 MB/s
[  123.764779] raid6: .... xor() 6056 MB/s, rmw enabled
[  123.784991] raid6: using ssse3x2 recovery algorithm
[  123.810969] xor: measuring software checksum speed
[  123.865056]    prefetch64-sse: 17316.000 MB/sec
[  123.921017]    generic_sse: 15818.000 MB/sec
[  123.933535] xor: using function: prefetch64-sse (17316.000 MB/sec)
[  123.951836] async_tx: api initialized (async)
done.
Begin: Running /scripts/init-premount ... done.
Begin: Mounting root file system ... Begin: Running /scripts/local-top ... done.
Begin: Running /scripts/local-premount ... [  124.145220] Btrfs loaded, crc32c=crc32c-intel
Scanning for Btrfs filesystems
done.
Warning: fsck not present, so skipping root file system
[  124.276196] EXT4-fs (sda1): INFO: recovery required on readonly filesystem
[  124.293531] EXT4-fs (sda1): write access will be enabled during recovery
[  124.762214] EXT4-fs (sda1): recovery complete
[  124.779002] EXT4-fs (sda1): mounted filesystem with ordered data mode. Opts: (null)
done.
Begin: Running /scripts/local-bottom ... done.
Begin: Running /scripts/init-bottom ... done.
[  125.326249] ip_tables: (C) 2000-2006 Netfilter Core Team
[  125.385036] systemd[1]: systemd 237 running in system mode. (+PAM +AUDIT +SELINUX +IMA +APPARMOR +SMACK +SYSVINIT +UTMP +LIBCRYPTSETUP +GCRYPT +GNUTLS +ACL +XZ +LZ4 +SECCOMP +BLKID +ELFUTILS +KMOD -IDN2 +IDN -PCRE2 default-hierarchy=hybrid)
[  125.440441] systemd[1]: Detected virtualization oracle.
[  125.453210] systemd[1]: Detected architecture x86-64.

Welcome to [1mUbuntu 18.04.6 LTS[0m!

[  125.541254] systemd[1]: Set hostname to <ubuntu-bionic>.
[  126.376617] systemd[1]: Started Forward Password Requests to Wall Directory Watch.
[[0;32m  OK  [0m] Started Forward Password Requests to Wall Directory Watch.
[  126.419720] systemd[1]: Set up automount Arbitrary Executable File Formats File System Automount Point.
[[0;32m  OK  [0m] Set up automount Arbitrary Executab…rmats File System Automount Point.
[  126.467060] systemd[1]: Reached target System Time Synchronized.
[[0;32m  OK  [0m] Reached target System Time Synchronized.
[  126.506322] systemd[1]: Reached target Mounting snaps.
[[0;32m  OK  [0m] Reached target Mounting snaps.
[  126.537333] systemd[1]: Reached target Swap.
[[0;32m  OK  [0m] Reached target Swap.
[  126.602475] systemd[1]: Created slice User and Session Slice.
[[0;32m  OK  [0m] Created slice User and Session Slice.
[[0;32m  OK  [0m] Reached target User and Group Name Lookups.
[[0;32m  OK  [0m] Reached target Mounted snaps.
[[0;32m  OK  [0m] Created slice System Slice.
[[0;32m  OK  [0m] Reached target Slices.
[[0;32m  OK  [0m] Listening on udev Control Socket.
[[0;32m  OK  [0m] Listening on Journal Socket.
         Starting Load Kernel Modules...
[[0;32m  OK  [0m] Listening on /dev/initctl Compatibility Named Pipe.
[[0;32m  OK  [0m] [  126.731032] Loading iSCSI transport class v2.0-870.
Listening on Journal Audit Socket.
         Starting Set the console keyboard layout...
         Starting Create list of required st…ce nodes for the current kernel...
         Mounting POSIX Message Queue File System...[  126.795416] iscsi: registered transport (tcp)

         Mounting Kernel Debug File System...
         Starting Uncomplicated firewall...
[[0;32m  OK  [0m] Listening on udev Kernel Socket.
[[0;32m  OK  [0m] Listening on LVM2 poll daemon socket.
[[0;32m  OK  [0m] Listening on Journal Socket (/dev/log).
         Mounting Huge Pages File System...
[[0;32m  OK  [0m] Listening on Syslog Socket.
         Starting Journal Service...
[[0;32m  OK  [0m] Listening on fsck to fsckd communication Socket.
[[0;32m  OK  [0m] Listening on LVM2 metadata daemon socket.
[[0;32m  OK  [0m[  127.034326] iscsi: registered transport (iser)
] Listening on Network Service Netlink Socket.
         Starting File System Check on Root Device...
[[0;32m  OK  [0m] Created slice system-serial\x2dgetty.slice.
         Starting udev Coldplug all Devices...
[[0;32m  OK  [0m] Listening on Device-mapper event daemon FIFOs.
         Starting Monitoring of LVM2 mirrors…ng dmeventd or progress polling...
[[0;32m  OK  [0m] Started Load Kernel Modules.
[[0;32m  OK  [0m] Started Set the console keyboard layout.
[[0;32m  OK  [0m] Started Create list of required sta…vice nodes for the current kernel.
[[0;32m  OK  [0m] Mounted POSIX Message Queue File System.
[[0;32m  OK  [0m] Mounted Kernel Debug File System.
[[0;32m  OK  [0m] Started Uncomplicated firewall.
[[0;32m  OK  [0m] Mounted Huge Pages File System.
[[0;32m  OK  [0m] Started File System Check Daemon to report status.
         Starting Create Static Device Nodes in /dev...
         Mounting Kernel Configuration File System...
         Starting Apply Kernel Variables...
         Mounting FUSE Control File System...
[[0;32m  OK  [0m] Mounted Kernel Configuration File System.
[[0;32m  OK  [0m] Mounted FUSE Control File System.
[[0;32m  OK  [0m] Started udev Coldplug all Devices.
[[0;32m  OK  [0m] Started File System Check on Root Device.
         Starting Remount Root and Kernel File Systems...
[[0;32m  OK  [0m] Started LVM2 metadata daemon.
[[0;32m  OK  [0m] Started Journal Service.
[[0;32m  OK  [0m] Started Create Static Device Nodes in /dev.
[[0;32m  OK  [0m] Started Remount Root and Kernel File Systems.
         Starting Load/Save Random Seed...
         Starting udev Kernel Device Manager...
         Starting Flush Journal to Persistent Storage...
[[0;32m  OK  [0m] Started Apply Kernel Variables.
[[0;32m  OK  [0m] Started Load/Save Random Seed.
[[0;32m  OK  [0m] Started Monitoring of LVM2 mirrors,…sing dmeventd or progress polling.
[[0;32m  OK  [0m] Reached target Local File Systems (Pre).
[[0;32m  OK  [0m] Reached target Local File Systems.
         Starting Tell Plymouth To Write Out Runtime Data...
         Starting Set console font and keymap...
         Starting ebtables ruleset management...
         Starting AppArmor initialization...
[[0;32m  OK  [0m] Started Tell Plymouth To Write Out Runtime Data.
[[0;32m  OK  [0m] Started udev Kernel Device Manager.
[[0;32m  OK  [0m] Started Dispatch Password Requests to Console Directory Watch.
[[0;32m  OK  [0m] Reached target Local Encrypted Volumes.
[[0;32m  OK  [0m] Started Set console font and keymap.
[[0;32m  OK  [0m] Started Flush Journal to Persistent Storage.
         Starting Create Volatile Files and Directories...
[[0;32m  OK  [0m] Started ebtables ruleset management.
[[0;32m  OK  [0m] Started Create Volatile Files and Directories.
         Starting Update UTMP about System Boot/Shutdown...
[[0;32m  OK  [0m] Started Update UTMP about System Boot/Shutdown.
[[0;32m  OK  [0m] Found device /dev/ttyS0.
[[0;32m  OK  [0m] Started AppArmor initialization.
         Starting Load AppArmor profiles managed internally by snapd...
         Starting Initial cloud-init job (pre-networking)...
         Mounting Arbitrary Executable File Formats File System...
[[0;32m  OK  [0m] Mounted Arbitrary Executable File Formats File System.
[[0;32m  OK  [0m] Started Load AppArmor profiles managed internally by snapd.
[[0;32m  OK  [0m] Listening on Load/Save RF Kill Switch Status /dev/rfkill Watch.
[  132.561379] cloud-init[543]: Cloud-init v. 23.1.2-0ubuntu0~18.04.1 running 'init-local' at Mon, 19 Aug 2024 12:23:46 +0000. Up 132.11 seconds.
[[0;32m  OK  [0m] Started Initial cloud-init job (pre-networking).
[[0;32m  OK  [0m] Reached target Network (Pre).
         Starting Network Service...
[[0;32m  OK  [0m] Started Network Service.
         Starting Wait for Network to be Configured...
         Starting Network Name Resolution...
[[0;32m  OK  [0m] Started Network Name Resolution.
[[0;32m  OK  [0m] Reached target Host and Network Name Lookups.
[[0;32m  OK  [0m] Reached target Network.
[[0;32m  OK  [0m] Started Wait for Network to be Configured.
         Starting Initial cloud-init job (metadata service crawler)...
[  135.887595] cloud-init[671]: Cloud-init v. 23.1.2-0ubuntu0~18.04.1 running 'init' at Mon, 19 Aug 2024 12:23:50 +0000. Up 135.54 seconds.
[  135.902479] cloud-init[671]: ci-info: ++++++++++++++++++++++++++++++++++++++Net device info+++++++++++++++++++++++++++++++++++++++
[  135.914250] cloud-init[671]: ci-info: +--------+------+-----------------------------+---------------+--------+-------------------+
[  135.925377] cloud-init[671]: ci-info: | Device |  Up  |           Address           |      Mask     | Scope  |     Hw-Address    |
[  135.939962] cloud-init[671]: ci-info: +--------+------+-----------------------------+---------------+--------+-------------------+
[  135.952998] cloud-init[671]: ci-info: | enp0s3 | True |          10.0.2.15          | 255.255.255.0 | global | 02:3b:7b:b7:3b:2d |
[  135.965196] cloud-init[671]: ci-info: | enp0s3 | True |  fe80::3b:7bff:feb7:3b2d/64 |       .       |  link  | 02:3b:7b:b7:3b:2d |
[  135.976458] cloud-init[671]: ci-info: | enp0s8 | True |        192.168.10.15        | 255.255.255.0 | global | 08:00:27:e7:3e:64 |
[  135.987086] cloud-init[671]: ci-info: | enp0s8 | True | fe80::a00:27ff:fee7:3e64/64 |       .       |  link  | 08:00:27:e7:3e:64 |
[  136.007885] cloud-init[671]: ci-info: |   lo   | True |          127.0.0.1          |   255.0.0.0   |  host  |         .         |
[  136.022914] cloud-init[671]: ci-info: |   lo   | True |           ::1/128           |       .       |  host  |         .         |
[  136.036006] cloud-init[671]: ci-info: +--------+------+-----------------------------+---------------+--------+-------------------+
[  136.047484] cloud-init[671]: ci-info: +++++++++++++++++++++++++++++Route IPv4 info+++++++++++++++++++++++++++++
[  136.058996] cloud-init[671]: ci-info: +-------+--------------+----------+-----------------+-----------+-------+
[  136.071437] cloud-init[671]: ci-info: | Route | Destination  | Gateway  |     Genmask     | Interface | Flags |
[  136.080992] cloud-init[671]: ci-info: +-------+--------------+----------+-----------------+-----------+-------+
[  136.090923] cloud-init[671]: ci-info: |   0   |   0.0.0.0    | 10.0.2.2 |     0.0.0.0     |   enp0s3  |   UG  |
[  136.101560] cloud-init[671]: ci-info: |   1   |   10.0.2.0   | 0.0.0.0  |  255.255.255.0  |   enp0s3  |   U   |
[  136.111421] cloud-init[671]: ci-info: |   2   |   10.0.2.2   | 0.0.0.0  | 255.255.255.255 |   enp0s3  |   UH  |
[  136.121358] cloud-init[671]: ci-info: |   3   | 192.168.10.0 | 0.0.0.0  |  255.255.255.0  |   enp0s8  |   U   |
[  136.133413] cloud-init[671]: ci-info: +-------+--------------+----------+-----------------+-----------+-------+
[  136.146132] cloud-init[671]: ci-info: +++++++++++++++++++Route IPv6 info+++++++++++++++++++
[  136.154384] cloud-init[671]: ci-info: +-------+-------------+---------+-----------+-------+
[  136.167938] cloud-init[671]: ci-info: | Route | Destination | Gateway | Interface | Flags |
[  136.177087] cloud-init[671]: ci-info: +-------+-------------+---------+-----------+-------+
[  136.184981] cloud-init[671]: ci-info: |   1   |  fe80::/64  |    ::   |   enp0s8  |   U   |
[  136.193955] cloud-init[671]: ci-info: |   2   |  fe80::/64  |    ::   |   enp0s3  |   U   |
[  136.201842] cloud-init[671]: ci-info: |   4   |    local    |    ::   |   enp0s3  |   U   |
[  136.210534] cloud-init[671]: ci-info: |   5   |    local    |    ::   |   enp0s8  |   U   |
[  136.218030] cloud-init[671]: ci-info: |   6   |   ff00::/8  |    ::   |   enp0s8  |   U   |
[  136.229001] cloud-init[671]: ci-info: |   7   |   ff00::/8  |    ::   |   enp0s3  |   U   |
[  136.237850] cloud-init[671]: ci-info: +-------+-------------+---------+-----------+-------+
[[0;32m  OK  [0m] Started Initial cloud-init job (metadata service crawler).
[[0;32m  OK  [0m] Reached target System Initialization.
[[0;32m  OK  [0m] Started ACPI Events Check.
         Starting LXD - unix socket.
[[0;32m  OK  [0m] Started Discard unused blocks once a week.
[[0;32m  OK  [0m] Started Daily Cleanup of Temporary Directories.
[[0;32m  OK  [0m] Started Ubuntu Advantage Timer for running repeated jobs.
         Starting Socket activation for snappy daemon.
[[0;32m  OK  [0m] Listening on cloud-init hotplug hook socket.
[[0;32m  OK  [0m] Reached target Paths.
[[0;32m  OK  [0m] Listening on ACPID Listen Socket.
[[0;32m  OK  [0m] Listening on UUID daemon activation socket.
[[0;32m  OK  [0m] Listening on Open-iSCSI iscsid Socket.
[[0;32m  OK  [0m] Started Message of the Day.
[[0;32m  OK  [0m] Listening on D-Bus System Message Bus Socket.
[[0;32m  OK  [0m] Started Daily apt download activities.
[[0;32m  OK  [0m] Started Daily apt upgrade and clean activities.
[[0;32m  OK  [0m] Reached target Timers.
[[0;32m  OK  [0m] Reached target Cloud-config availability.
[[0;32m  OK  [0m] Reached target Network is Online.
[[0;32m  OK  [0m] Reached target Remote File Systems (Pre).
         Starting Availability of block devices...
         Mounting /vagrant...
         Mounting /opt/scripts...
[[0;32m  OK  [0m] Listening on LXD - unix socket.
[[0;32m  OK  [0m] Listening on Socket activation for snappy daemon.
[[0;32m  OK  [0m] Started Availability of block devices.
[[0;32m  OK  [0m] Mounted /vagrant.
[[0;32m  OK  [0m] Mounted /opt/scripts.
[[0;32m  OK  [0m] Reached target Remote File Systems.
[[0;32m  OK  [0m] Reached target Sockets.
[[0;32m  OK  [0m] Reached target Basic System.
[[0;32m  OK  [0m] Started Regular background program processing daemon.
         Starting Message of the Day...
         Starting Discard unused blocks...
         Starting LSB: Record successful boot for GRUB...
         Starting OpenBSD Secure Shell server...
         Starting Permit User Sessions...
[[0;32m  OK  [0m] Started D-Bus System Message Bus.
[[0;32m  OK  [0m] Started Deferred execution scheduler.
         Starting Snap Daemon...
         Starting LSB: automatic crash report generation...
[[0;32m  OK  [0m] Started FUSE filesystem for LXC.
[[0;32m  OK  [0m] Started irqbalance daemon.
         Starting Accounts Service...
         Starting Login Service...
         Starting Dispatcher daemon for systemd-networkd...
         Starting Virtualbox guest utils...
         Starting System Logging Service...
[[0;32m  OK  [0m] Reached target Login Prompts (Pre).
         Starting LXD - container startup/shutdown...
[[0;32m  OK  [0m] Started Discard unused blocks.
[[0;32m  OK  [0m] Started Permit User Sessions.
         Starting Terminate Plymouth Boot Screen...
         Starting Hold until boot process finishes up...
[[0;32m  OK  [0m] Started Terminate Plymouth Boot Screen.
[[0;32m  OK  [0m] Started Hold until boot process finishes up.
[[0;32m  OK  [0m] Started Serial Getty on ttyS0.
         Starting Set console scheme...
[[0;32m  OK  [0m] Started System Logging Service.
[[0;32m  OK  [0m] Started OpenBSD Secure Shell server.
[[0;32m  OK  [0m] Started Set console scheme.
[[0;32m  OK  [0m] Created slice system-getty.slice.
[[0;32m  OK  [0m] Started Getty on tty1.
[[0;32m  OK  [0m] Reached target Login Prompts.
[[0;32m  OK  [0m] Started LSB: automatic crash report generation.
[[0;32m  OK  [0m] Started Login Service.
[[0;32m  OK  [0m] Started Unattended Upgrades Shutdown.
[[0;32m  OK  [0m] Started LSB: Record successful boot for GRUB.
         Starting Authorization Manager...
[[0;32m  OK  [0m] Created slice User Slice of vagrant.
[[0;32m  OK  [0m] Started Virtualbox guest utils.
         Starting User Manager for UID 1000...
[[0;32m  OK  [0m] Started Session 1 of user vagrant.
[[0;32m  OK  [0m] Started Authorization Manager.
[[0;32m  OK  [0m] Started Accounts Service.
[[0;32m  OK  [0m] Started LXD - container startup/shutdown.
[[0;32m  OK  [0m] Started Dispatcher daemon for systemd-networkd.
[[0;32m  OK  [0m] Started User Manager for UID 1000.
[[0;32m  OK  [0m] Started Snap Daemon.
         Starting Wait until snapd is fully seeded...
         Starting Time & Date Service...
[[0;32m  OK  [0m] Started Time & Date Service.
[[0;32m  OK  [0m] Started Wait until snapd is fully seeded.
         Starting Apply the settings specified in cloud-config...
[  143.115257] cloud-init[1106]: Cloud-init v. 23.1.2-0ubuntu0~18.04.1 running 'modules:config' at Mon, 19 Aug 2024 12:23:57 +0000. Up 142.67 seconds.

Ubuntu 18.04.6 LTS ubuntu-bionic ttyS0

ubuntu-bionic login: [  145.777006] cloud-init[1195]: Cloud-init v. 23.1.2-0ubuntu0~18.04.1 running 'modules:final' at Mon, 19 Aug 2024 12:23:59 +0000. Up 144.85 seconds.
[  145.810681] cloud-init[1195]: Cloud-init v. 23.1.2-0ubuntu0~18.04.1 finished at Mon, 19 Aug 2024 12:24:00 +0000. Datasource DataSourceNoCloud [seed=/dev/sdb][dsmode=net].  Up 145.64 seconds
[[0;32m  OK  [0m] Started Daily apt upgrade and clean activities.
         Stopping Session 9 of user vagrant.
[[0;32m  OK  [0m] Stopped target Host and Network Name Lookups.
[[0;32m  OK  [0m] Stopped target Cloud-init target.
         Stopping Session 3 of user vagrant.
[[0;32m  OK  [0m] Stopped target Graphical Interface.
         Stopping Availability of block devices...
         Stopping Accounts Service...
         Stopping Authorization Manager...
[[0;32m  OK  [0m] Closed Load/Save RF Kill Switch Status /dev/rfkill Watch.
         Stopping User Manager for UID 1000...
[[0;32m  OK  [0m] Stopped target Timers.
[[0;32m  OK  [0m] Stopped Daily Cleanup of Temporary Directories.
[[0;32m  OK  [0m] Stopped Message of the Day.
[[0;32m  OK  [0m] Stopped Ubuntu Advantage Timer for running repeated jobs.
[[0;32m  OK  [0m] Stopped Discard unused blocks once a week.
[[0;32m  OK  [0m] Stopped Execute cloud user/final scripts.
[[0;32m  OK  [0m] Stopped target Multi-User System.
[[0;32m  OK  [0m] Stopped PostgreSQL RDBMS.
         Stopping PostgreSQL Cluster 10-main...
         Stopping OpenBSD Secure Shell server...
         Stopping LXD - container startup/shutdown...
[[0;32m  OK  [0m] Stopped target Login Prompts.
         Stopping FUSE filesystem for LXC...
         Stopping Unattended Upgrades Shutdown...
         Stopping D-Bus System Message Bus...
         Stopping Regular background program processing daemon...
         Stopping A high performance web server and a reverse proxy server...
         Stopping LSB: automatic crash report generation...
         Stopping Deferred execution scheduler...
         Stopping Virtualbox guest utils...
         Stopping Dispatcher daemon for systemd-networkd...
[[0;32m  OK  [0m] Stopped Apply the settings specified in cloud-config.
[[0;32m  OK  [0m] Stopped Wait until snapd is fully seeded.
[[0;32m  OK  [0m] Stopped target Cloud-config availability.
[[0;32m  OK  [0m] Stopped Daily apt upgrade and clean activities.
[[0;32m  OK  [0m] Stopped Daily apt download activities.
         Stopping Getty on tty1...
         Stopping Serial Getty on ttyS0...
         Stopping irqbalance daemon...
[[0;32m  OK  [0m] Stopped target System Time Synchronized.
         Stopping LSB: Record successful boot for GRUB...
         Stopping System Logging Service...
[[0;32m  OK  [0m] Stopped Regular background program processing daemon.
[[0;32m  OK  [0m] Stopped SonarQube service.
[[0;32m  OK  [0m] Stopped D-Bus System Message Bus.
[[0;32m  OK  [0m] Stopped Session 9 of user vagrant.
[[0;32m  OK  [0m] Unmounted /var/lib/lxcfs.
[[0;32m  OK  [0m] Stopped Deferred execution scheduler.
[[0;32m  OK  [0m] Stopped irqbalance daemon.
[[0;32m  OK  [0m] Stopped Accounts Service.
[[0;32m  OK  [0m] Stopped Dispatcher daemon for systemd-networkd.
[[0;32m  OK  [0m] Stopped System Logging Service.
[[0;32m  OK  [0m] Stopped OpenBSD Secure Shell server.
[[0;32m  OK  [0m] Stopped Serial Getty on ttyS0.
[[0;32m  OK  [0m] Stopped Getty on tty1.
[[0;32m  OK  [0m] Stopped Unattended Upgrades Shutdown.
[[0;32m  OK  [0m] Stopped Authorization Manager.
[[0;32m  OK  [0m] Stopped User Manager for UID 1000.
[[0;32m  OK  [0m] Stopped Availability of block devices.
[[0;32m  OK  [0m] Stopped A high performance web server and a reverse proxy server.
[[0;32m  OK  [0m] Stopped FUSE filesystem for LXC.
[[0;32m  OK  [0m] Stopped Session 3 of user vagrant.
[[0;32m  OK  [0m] Stopped LXD - container startup/shutdown.
[[0;32m  OK  [0m] Removed slice system-getty.slice.
[[0;32m  OK  [0m] Stopped target Login Prompts (Pre).
[[0;32m  OK  [0m] Removed slice system-serial\x2dgetty.slice.
[[0;32m  OK  [0m] Removed slice User Slice of vagrant.
         Stopping Permit User Sessions...
         Stopping Login Service...
[[0;32m  OK  [0m] Stopped LSB: automatic crash report generation.
[[0;32m  OK  [0m] Stopped LSB: Record successful boot for GRUB.
[[0;32m  OK  [0m] Stopped Virtualbox guest utils.
[[0;32m  OK  [0m] Stopped Permit User Sessions.
[[0;32m  OK  [0m] Stopped Login Service.
[[0;32m  OK  [0m] Stopped target User and Group Name Lookups.
[[0;32m  OK  [0m] Stopped target Remote File Systems.
         Unmounting /vagrant...
         Unmounting /opt/scripts...
[[0;32m  OK  [0m] Unmounted /opt/scripts.
[[0;32m  OK  [0m] Stopped PostgreSQL Cluster 10-main.
[[0;32m  OK  [0m] Unmounted /vagrant.
[[0;32m  OK  [0m] Stopped target Basic System.
[[0;32m  OK  [0m] Stopped target Slices.
[[0;32m  OK  [0m] Removed slice User and Session Slice.
[[0;32m  OK  [0m] Stopped target Sockets.
[[0;32m  OK  [0m] Closed LXD - unix socket.
[[0;32m  OK  [0m] Closed Socket activation for snappy daemon.
[[0;32m  OK  [0m] Closed cloud-init hotplug hook socket.
[[0;32m  OK  [0m] Closed D-Bus System Message Bus Socket.
[[0;32m  OK  [0m] Closed Syslog Socket.
[[0;32m  OK  [0m] Closed Open-iSCSI iscsid Socket.
[[0;32m  OK  [0m] Closed UUID daemon activation socket.
[[0;32m  OK  [0m] Closed ACPID Listen Socket.
[[0;32m  OK  [0m] Stopped target Paths.
[[0;32m  OK  [0m] Stopped ACPI Events Check.
[[0;32m  OK  [0m] Stopped target System Initialization.
         Stopping Update UTMP about System Boot/Shutdown...
         Stopping Load/Save Random Seed...
[[0;32m  OK  [0m] Stopped target Local Encrypted Volumes.
[[0;32m  OK  [0m] Stopped Forward Password Requests to Wall Directory Watch.
[[0;32m  OK  [0m] Stopped Dispatch Password Requests to Console Directory Watch.
[[0;32m  OK  [0m] Removed slice system-postgresql.slice.
[[0;32m  OK  [0m] Stopped target Remote File Systems (Pre).
[[0;32m  OK  [0m] Stopped target Network is Online.
[[0;32m  OK  [0m] Stopped Initial cloud-init job (metadata service crawler).
[[0;32m  OK  [0m] Stopped target Network.
         Stopping Network Name Resolution...
[[0;32m  OK  [0m] Stopped Load/Save Random Seed.
[[0;32m  OK  [0m] Stopped Update UTMP about System Boot/Shutdown.
[[0;32m  OK  [0m] Stopped Network Name Resolution.
         Stopping Network Service...
[[0;32m  OK  [0m] Stopped Create Volatile Files and Directories.
[[0;32m  OK  [0m] Stopped target Local File Systems.
[[0;32m  OK  [0m] Stopped target Mounted snaps.
[[0;32m  OK  [0m] Stopped target Mounting snaps.
         Unmounting /run/user/1000...
[[0;32m  OK  [0m] Unmounted /run/user/1000.
[[0;32m  OK  [0m] Reached target Unmount All Filesystems.
[[0;32m  OK  [0m] Stopped target Local File Systems (Pre).
         Stopping Monitoring of LVM2 mirrors…ng dmeventd or progress polling...
[[0;32m  OK  [0m] Stopped Create Static Device Nodes in /dev.
[[0;32m  OK  [0m] Stopped target Swap.
[[0;32m  OK  [0m] Stopped Monitoring of LVM2 mirrors,…sing dmeventd or progress polling.
         Stopping LVM2 metadata daemon...
[[0;32m  OK  [0m] Stopped LVM2 metadata daemon.
[[0;32m  OK  [0m] Stopped Network Service.
[[0;32m  OK  [0m] Stopped target Network (Pre).
[[0;32m  OK  [0m] Stopped Initial cloud-init job (pre-networking).
[[0;32m  OK  [0m] Stopped Remount Root and Kernel File Systems.
[[0;32m  OK  [0m] Stopped Apply Kernel Variables.
[[0;32m  OK  [0m] Stopped Load Kernel Modules.
[[0;32m  OK  [0m] Reached target Shutdown.
[[0;32m  OK  [0m] Reached target Final Step.
         Starting Reboot...
[ 4980.619758] reboot: Restarting system
[    0.000000] Linux version 4.15.0-213-generic (buildd@lcy02-amd64-079) (gcc version 7.5.0 (Ubuntu 7.5.0-3ubuntu1~18.04)) #224-Ubuntu SMP Mon Jun 19 13:30:12 UTC 2023 (Ubuntu 4.15.0-213.224-generic 4.15.18)
[    0.000000] Command line: BOOT_IMAGE=/boot/vmlinuz-4.15.0-213-generic root=UUID=f685bb41-0e3b-40c4-89c1-eea0f0583525 ro console=tty1 console=ttyS0
[    0.000000] KERNEL supported cpus:
[    0.000000]   Intel GenuineIntel
[    0.000000]   AMD AuthenticAMD
[    0.000000]   Centaur CentaurHauls
[    0.000000] x86/fpu: x87 FPU will use FXSAVE
[    0.000000] e820: BIOS-provided physical RAM map:
[    0.000000] BIOS-e820: [mem 0x0000000000000000-0x000000000009fbff] usable
[    0.000000] BIOS-e820: [mem 0x000000000009fc00-0x000000000009ffff] reserved
[    0.000000] BIOS-e820: [mem 0x00000000000f0000-0x00000000000fffff] reserved
[    0.000000] BIOS-e820: [mem 0x0000000000100000-0x000000007ffeffff] usable
[    0.000000] BIOS-e820: [mem 0x000000007fff0000-0x000000007fffffff] ACPI data
[    0.000000] BIOS-e820: [mem 0x00000000fec00000-0x00000000fec00fff] reserved
[    0.000000] BIOS-e820: [mem 0x00000000fee00000-0x00000000fee00fff] reserved
[    0.000000] BIOS-e820: [mem 0x00000000fffc0000-0x00000000ffffffff] reserved
[    0.000000] NX (Execute Disable) protection: active
[    0.000000] SMBIOS 2.5 present.
[    0.000000] DMI: innotek GmbH VirtualBox/VirtualBox, BIOS VirtualBox 12/01/2006
[    0.000000] Hypervisor detected: KVM
[    0.000000] e820: last_pfn = 0x7fff0 max_arch_pfn = 0x400000000
[    0.000000] MTRR: Disabled
[    0.000000] x86/PAT: MTRRs disabled, skipping PAT initialization too.
[    0.000000] CPU MTRRs all blank - virtualized system.
[    0.000000] x86/PAT: Configuration [0-7]: WB  WT  UC- UC  WB  WT  UC- UC  
[    0.000000] found SMP MP-table at [mem 0x0009fff0-0x0009ffff]
[    0.000000] Scanning 1 areas for low memory corruption
[    0.000000] RAMDISK: [mem 0x35819000-0x36c03fff]
[    0.000000] ACPI: Early table checksum verification disabled
[    0.000000] ACPI: RSDP 0x00000000000E0000 000024 (v02 VBOX  )
[    0.000000] ACPI: XSDT 0x000000007FFF0030 00003C (v01 VBOX   VBOXXSDT 00000001 ASL  00000061)
[    0.000000] ACPI: FACP 0x000000007FFF00F0 0000F4 (v04 VBOX   VBOXFACP 00000001 ASL  00000061)
[    0.000000] ACPI: DSDT 0x000000007FFF0610 002353 (v02 VBOX   VBOXBIOS 00000002 INTL 20100528)
[    0.000000] ACPI: FACS 0x000000007FFF0200 000040
[    0.000000] ACPI: FACS 0x000000007FFF0200 000040
[    0.000000] ACPI: APIC 0x000000007FFF0240 00005C (v02 VBOX   VBOXAPIC 00000001 ASL  00000061)
[    0.000000] ACPI: SSDT 0x000000007FFF02A0 00036C (v01 VBOX   VBOXCPUT 00000002 INTL 20100528)
[    0.000000] ACPI: Reserving FACP table memory at [mem 0x7fff00f0-0x7fff01e3]
[    0.000000] ACPI: Reserving DSDT table memory at [mem 0x7fff0610-0x7fff2962]
[    0.000000] ACPI: Reserving FACS table memory at [mem 0x7fff0200-0x7fff023f]
[    0.000000] ACPI: Reserving FACS table memory at [mem 0x7fff0200-0x7fff023f]
[    0.000000] ACPI: Reserving APIC table memory at [mem 0x7fff0240-0x7fff029b]
[    0.000000] ACPI: Reserving SSDT table memory at [mem 0x7fff02a0-0x7fff060b]
[    0.000000] No NUMA configuration found
[    0.000000] Faking a node at [mem 0x0000000000000000-0x000000007ffeffff]
[    0.000000] NODE_DATA(0) allocated [mem 0x7ffc5000-0x7ffeffff]
[    0.000000] kvm-clock: cpu 0, msr 0:7ff44001, primary cpu clock
[    0.000000] kvm-clock: Using msrs 4b564d01 and 4b564d00
[    0.000000] kvm-clock: using sched offset of 4994355551687 cycles
[    0.000000] clocksource: kvm-clock: mask: 0xffffffffffffffff max_cycles: 0x1cd42e4dffb, max_idle_ns: 881590591483 ns
[    0.000000] Zone ranges:
[    0.000000]   DMA      [mem 0x0000000000001000-0x0000000000ffffff]
[    0.000000]   DMA32    [mem 0x0000000001000000-0x000000007ffeffff]
[    0.000000]   Normal   empty
[    0.000000]   Device   empty
[    0.000000] Movable zone start for each node
[    0.000000] Early memory node ranges
[    0.000000]   node   0: [mem 0x0000000000001000-0x000000000009efff]
[    0.000000]   node   0: [mem 0x0000000000100000-0x000000007ffeffff]
[    0.000000] Reserved but unavailable: 104 pages
[    0.000000] Initmem setup node 0 [mem 0x0000000000001000-0x000000007ffeffff]
[    0.000000] ACPI: PM-Timer IO Port: 0x4008
[    0.000000] IOAPIC[0]: apic_id 2, version 32, address 0xfec00000, GSI 0-23
[    0.000000] ACPI: INT_SRC_OVR (bus 0 bus_irq 0 global_irq 2 dfl dfl)
[    0.000000] ACPI: INT_SRC_OVR (bus 0 bus_irq 9 global_irq 9 low level)
[    0.000000] Using ACPI (MADT) for SMP configuration information
[    0.000000] smpboot: Allowing 2 CPUs, 0 hotplug CPUs
[    0.000000] PM: Registered nosave memory: [mem 0x00000000-0x00000fff]
[    0.000000] PM: Registered nosave memory: [mem 0x0009f000-0x0009ffff]
[    0.000000] PM: Registered nosave memory: [mem 0x000a0000-0x000effff]
[    0.000000] PM: Registered nosave memory: [mem 0x000f0000-0x000fffff]
[    0.000000] e820: [mem 0x80000000-0xfebfffff] available for PCI devices
[    0.000000] Booting paravirtualized kernel on KVM
[    0.000000] clocksource: refined-jiffies: mask: 0xffffffff max_cycles: 0xffffffff, max_idle_ns: 7645519600211568 ns
[    0.000000] setup_percpu: NR_CPUS:8192 nr_cpumask_bits:2 nr_cpu_ids:2 nr_node_ids:1
[    0.000000] percpu: Embedded 50 pages/cpu s167936 r8192 d28672 u1048576
[    0.000000] PV qspinlock hash table entries: 256 (order: 0, 4096 bytes)
[    0.000000] Built 1 zonelists, mobility grouping on.  Total pages: 515961
[    0.000000] Policy zone: DMA32
[    0.000000] Kernel command line: BOOT_IMAGE=/boot/vmlinuz-4.15.0-213-generic root=UUID=f685bb41-0e3b-40c4-89c1-eea0f0583525 ro console=tty1 console=ttyS0
[    0.000000] Memory: 2013968K/2096696K available (12300K kernel code, 2477K rwdata, 4324K rodata, 2480K init, 2720K bss, 82728K reserved, 0K cma-reserved)
[    0.000000] SLUB: HWalign=64, Order=0-3, MinObjects=0, CPUs=2, Nodes=1
[    0.000000] ftrace: allocating 39508 entries in 155 pages
[    0.004000] Hierarchical RCU implementation.
[    0.004000] 	RCU restricting CPUs from NR_CPUS=8192 to nr_cpu_ids=2.
[    0.004000] 	Tasks RCU enabled.
[    0.004000] RCU: Adjusting geometry for rcu_fanout_leaf=16, nr_cpu_ids=2
[    0.004000] NR_IRQS: 524544, nr_irqs: 440, preallocated irqs: 16
[    0.004000] random: crng init done
[    0.004000] Console: colour VGA+ 80x25
[    0.004000] console [tty1] enabled
[    0.004000] console [ttyS0] enabled
[    0.004000] ACPI: Core revision 20170831
[    0.004000] ACPI: 2 ACPI AML tables successfully acquired and loaded
[    0.004000] APIC: Switch to symmetric I/O mode setup
[    0.008000] ..TIMER: vector=0x30 apic1=0 pin1=2 apic2=-1 pin2=-1
[    0.008013] tsc: Detected 2611.208 MHz processor
[    0.012027] Calibrating delay loop (skipped) preset value.. 5222.41 BogoMIPS (lpj=10444832)
[    0.016014] pid_max: default: 32768 minimum: 301
[    0.020067] Security Framework initialized
[    0.024015] Yama: becoming mindful.
[    0.028064] AppArmor: AppArmor initialized
[    0.032528] Dentry cache hash table entries: 262144 (order: 9, 2097152 bytes)
[    0.036204] Inode-cache hash table entries: 131072 (order: 8, 1048576 bytes)
[    0.040050] Mount-cache hash table entries: 4096 (order: 3, 32768 bytes)
[    0.044111] Mountpoint-cache hash table entries: 4096 (order: 3, 32768 bytes)
[    0.057844] Last level iTLB entries: 4KB 0, 2MB 0, 4MB 0
[    0.060012] Last level dTLB entries: 4KB 0, 2MB 0, 4MB 0, 1GB 0
[    0.064012] Spectre V1 : Mitigation: usercopy/swapgs barriers and __user pointer sanitization
[    0.068017] Spectre V2 : Mitigation: Enhanced IBRS
[    0.072012] Spectre V2 : Spectre v2 / SpectreRSB mitigation: Filling RSB on context switch
[    0.076009] Spectre V2 : Spectre v2 / PBRSB-eIBRS: Retire a single CALL on VMEXIT
[    0.080011] RETBleed: Mitigation: Enhanced IBRS
[    0.084008] Speculative Store Bypass: Vulnerable
[    0.088310] Freeing SMP alternatives memory: 36K
[    0.209147] smpboot: CPU0: 12th Gen Intel(R) Core(TM) i7-1255U (family: 0x6, model: 0x9a, stepping: 0x4)
[    0.212517] Performance Events: unsupported p6 CPU model 154 no PMU driver, software events only.
[    0.216483] Hierarchical SRCU implementation.
[    0.221488] NMI watchdog: Perf event create on CPU 0 failed with -2
[    0.224013] NMI watchdog: Perf NMI watchdog permanently disabled
[    0.228538] smp: Bringing up secondary CPUs ...
[    0.233360] x86: Booting SMP configuration:
[    0.236011] .... node  #0, CPUs:      #1
[    0.004000] kvm-clock: cpu 1, msr 0:7ff44041, secondary cpu clock
[    0.283071] TSC synchronization [CPU#0 -> CPU#1]:
[    0.284000] Measured 31912 cycles TSC warp between CPUs, turning off TSC clock.
[    0.284000] tsc: Marking TSC unstable due to check_tsc_sync_source failed
[    0.292335] smp: Brought up 1 node, 2 CPUs
[    0.296020] smpboot: Max logical packages: 1
[    0.300013] smpboot: Total of 2 processors activated (10444.83 BogoMIPS)
[    0.312018] devtmpfs: initialized
[    0.316473] x86/mm: Memory block size: 128MB
[    0.320553] evm: security.selinux
[    0.324008] evm: security.SMACK64
[    0.328010] evm: security.SMACK64EXEC
[    0.332013] evm: security.SMACK64TRANSMUTE
[    0.336011] evm: security.SMACK64MMAP
[    0.340007] evm: security.apparmor
[    0.344010] evm: security.ima
[    0.348008] evm: security.capability
[    0.356871] clocksource: jiffies: mask: 0xffffffff max_cycles: 0xffffffff, max_idle_ns: 7645041785100000 ns
[    0.412032] futex hash table entries: 512 (order: 3, 32768 bytes)
[    0.448309] pinctrl core: initialized pinctrl subsystem
[    0.480894] RTC time: 13:39:59, date: 08/19/24
[    0.510020] NET: Registered protocol family 16
[    0.540251] audit: initializing netlink subsys (disabled)
[    0.577882] audit: type=2000 audit(1724080096.570:1): state=initialized audit_enabled=0 res=1
[    0.584033] cpuidle: using governor ladder
[    0.620222] cpuidle: using governor menu
[    0.628076] ACPI: bus type PCI registered
[    0.632000] acpiphp: ACPI Hot Plug PCI Controller Driver version: 0.5
[    0.633155] PCI: Using configuration type 1 for base access
[    0.656331] HugeTLB registered 2.00 MiB page size, pre-allocated 0 pages
[    0.676556] ACPI: Added _OSI(Module Device)
[    0.680011] ACPI: Added _OSI(Processor Device)
[    0.684014] ACPI: Added _OSI(3.0 _SCP Extensions)
[    0.688011] ACPI: Added _OSI(Processor Aggregator Device)
[    0.692007] ACPI: Added _OSI(Linux-Dell-Video)
[    0.696000] ACPI: Added _OSI(Linux-Lenovo-NV-HDMI-Audio)
[    0.696012] ACPI: Added _OSI(Linux-HPI-Hybrid-Graphics)
[    0.700306] ACPI: Executed 1 blocks of module-level executable AML code
[    0.708000] ACPI: Interpreter enabled
[    0.708101] ACPI: (supports S0 S5)
[    0.712015] ACPI: Using IOAPIC for interrupt routing
[    0.717255] PCI: Using host bridge windows from ACPI; if necessary, use "pci=nocrs" and report a bug
[    0.720763] ACPI: Enabled 2 GPEs in block 00 to 07
[    0.759575] ACPI: PCI Root Bridge [PCI0] (domain 0000 [bus 00-ff])
[    0.760023] acpi PNP0A03:00: _OSC: OS supports [ASPM ClockPM Segments MSI]
[    0.768610] acpi PNP0A03:00: _OSC: not requesting OS control; OS requires [ExtendedConfig ASPM ClockPM MSI]
[    0.772041] acpi PNP0A03:00: fail to add MMCONFIG information, can't access extended PCI configuration space under this bridge.
[    0.784217] PCI host bridge to bus 0000:00
[    0.788017] pci_bus 0000:00: root bus resource [io  0x0000-0x0cf7 window]
[    0.792014] pci_bus 0000:00: root bus resource [io  0x0d00-0xffff window]
[    0.796000] pci_bus 0000:00: root bus resource [mem 0x000a0000-0x000bffff window]
[    0.796000] pci_bus 0000:00: root bus resource [mem 0x80000000-0xfdffffff window]
[    0.796015] pci_bus 0000:00: root bus resource [bus 00-ff]
[    0.814726] pci 0000:00:01.1: legacy IDE quirk: reg 0x10: [io  0x01f0-0x01f7]
[    0.816011] pci 0000:00:01.1: legacy IDE quirk: reg 0x14: [io  0x03f6]
[    0.820018] pci 0000:00:01.1: legacy IDE quirk: reg 0x18: [io  0x0170-0x0177]
[    0.824020] pci 0000:00:01.1: legacy IDE quirk: reg 0x1c: [io  0x0376]
[    0.894846] pci 0000:00:07.0: quirk: [io  0x4000-0x403f] claimed by PIIX4 ACPI
[    0.896139] pci 0000:00:07.0: quirk: [io  0x4100-0x410f] claimed by PIIX4 SMB
[    0.938622] ACPI: PCI Interrupt Link [LNKA] (IRQs 5 9 10 *11)
[    0.942026] ACPI: PCI Interrupt Link [LNKB] (IRQs 5 9 *10 11)
[    0.944804] ACPI: PCI Interrupt Link [LNKC] (IRQs 5 *9 10 11)
[    0.952755] ACPI: PCI Interrupt Link [LNKD] (IRQs 5 9 10 *11)
[    0.960302] SCSI subsystem initialized
[    0.968891] pci 0000:00:02.0: vgaarb: setting as boot VGA device
[    0.972000] pci 0000:00:02.0: vgaarb: VGA device added: decodes=io+mem,owns=io+mem,locks=none
[    0.972012] pci 0000:00:02.0: vgaarb: bridge control possible
[    0.976016] vgaarb: loaded
[    0.980080] ACPI: bus type USB registered
[    0.984080] usbcore: registered new interface driver usbfs
[    0.988057] usbcore: registered new interface driver hub
[    0.992056] usbcore: registered new device driver usb
[    1.000368] EDAC MC: Ver: 3.0.0
[    1.012874] PCI: Using ACPI for IRQ routing
[    1.020521] NetLabel: Initializing
[    1.024013] NetLabel:  domain hash size = 128
[    1.028008] NetLabel:  protocols = UNLABELED CIPSOv4 CALIPSO
[    1.032191] NetLabel:  unlabeled traffic allowed by default
[    1.040919] clocksource: Switched to clocksource kvm-clock
[    1.082852] VFS: Disk quotas dquot_6.6.0
[    1.082852] VFS: Dquot-cache hash table entries: 512 (order 0, 4096 bytes)
[    1.082852] AppArmor: AppArmor Filesystem Enabled
[    1.082852] pnp: PnP ACPI init
[    1.082852] pnp: PnP ACPI: found 3 devices
[    1.285361] clocksource: acpi_pm: mask: 0xffffff max_cycles: 0xffffff, max_idle_ns: 2085701024 ns
[    1.289163] NET: Registered protocol family 2
[    1.289163] IP idents hash table entries: 32768 (order: 6, 262144 bytes)
[    1.348822] TCP established hash table entries: 16384 (order: 5, 131072 bytes)
[    1.372411] TCP bind hash table entries: 16384 (order: 6, 262144 bytes)
[    1.390165] TCP: Hash tables configured (established 16384 bind 16384)
[    1.409253] UDP hash table entries: 1024 (order: 3, 32768 bytes)
[    1.427567] UDP-Lite hash table entries: 1024 (order: 3, 32768 bytes)
[    1.431108] NET: Registered protocol family 1
[    1.431108] pci 0000:00:00.0: Limiting direct PCI/PCI transfers
[    1.479757] pci 0000:00:01.0: Activating ISA DMA hang workarounds
[    1.498178] pci 0000:00:02.0: Video device with shadowed ROM at [mem 0x000c0000-0x000dffff]
[    1.501481] Unpacking initramfs...
[    2.211523] Freeing initrd memory: 20396K
[    2.225246] clocksource: tsc: mask: 0xffffffffffffffff max_cycles: 0x25a39815946, max_idle_ns: 440795282683 ns
[    2.255515] platform rtc_cmos: registered platform RTC device (no PNP device found)
[    2.279813] Scanning for low memory corruption every 60 seconds
[    2.304082] Initialise system trusted keyrings
[    2.318615] Key type blacklist registered
[    2.333266] workingset: timestamp_bits=36 max_order=19 bucket_order=0
[    2.355670] zbud: loaded
[    2.376522] squashfs: version 4.0 (2009/01/31) Phillip Lougher
[    2.400113] fuse init (API version 7.26)
[    2.545345] Key type asymmetric registered
[    2.559625] Asymmetric key parser 'x509' registered
[    2.574635] Block layer SCSI generic (bsg) driver version 0.4 loaded (major 246)
[    2.603791] io scheduler noop registered
[    2.618557] io scheduler deadline registered
[    2.634306] io scheduler cfq registered (default)
[    2.653823] ACPI: AC Adapter [AC] (on-line)
[    2.670521] input: Power Button as /devices/LNXSYSTM:00/LNXPWRBN:00/input/input0
[    2.697743] ACPI: Power Button [PWRF]
[    2.715509] input: Sleep Button as /devices/LNXSYSTM:00/LNXSLPBN:00/input/input1
[    2.744496] ACPI: Sleep Button [SLPF]
[    2.768047] Serial: 8250/16550 driver, 32 ports, IRQ sharing enabled
[    2.770600] ACPI: Battery Slot [BAT0] (battery present)
[    2.844124] 00:02: ttyS0 at I/O 0x3f8 (irq = 4, base_baud = 115200) is a 16550A
[    2.927688] Linux agpgart interface v0.103
[    2.959051] loop: module loaded
[    2.976582] scsi host0: ata_piix
[    2.988414] scsi host1: ata_piix
[    2.999445] ata1: PATA max UDMA/33 cmd 0x1f0 ctl 0x3f6 bmdma 0xd000 irq 14
[    3.019802] ata2: PATA max UDMA/33 cmd 0x170 ctl 0x376 bmdma 0xd008 irq 15
[    3.045390] tun: Universal TUN/TAP device driver, 1.6
[    3.063100] PPP generic driver version 2.4.2
[    3.078529] ehci_hcd: USB 2.0 'Enhanced' Host Controller (EHCI) Driver
[    3.100079] ehci-pci: EHCI PCI platform driver
[    3.114527] ehci-platform: EHCI generic platform driver
[    3.132855] ohci_hcd: USB 1.1 'Open' Host Controller (OHCI) Driver
[    3.154006] ohci-pci: OHCI PCI platform driver
[    3.171147] ohci-platform: OHCI generic platform driver
[    3.174972] uhci_hcd: USB Universal Host Controller Interface driver
[    3.205705] i8042: PNP: PS/2 Controller [PNP0303:PS2K,PNP0f03:PS2M] at 0x60,0x64 irq 1,12
[    3.250996] serio: i8042 KBD port at 0x60,0x64 irq 1
[    3.267718] serio: i8042 AUX port at 0x60,0x64 irq 12
[    3.288439] mousedev: PS/2 mouse device common for all mice
[    3.312661] input: AT Translated Set 2 keyboard as /devices/platform/i8042/serio0/input/input2
[    3.347707] rtc_cmos rtc_cmos: rtc core: registered rtc_cmos as rtc0
[    3.373896] rtc_cmos rtc_cmos: alarms up to one day, 114 bytes nvram
[    3.399882] i2c /dev entries driver
[    3.413422] device-mapper: uevent: version 1.0.3
[    3.429614] device-mapper: ioctl: 4.37.0-ioctl (2017-09-20) initialised: dm-devel@redhat.com
[    3.463505] ledtrig-cpu: registered to indicate activity on CPUs
[    3.494409] NET: Registered protocol family 10
[    3.545851] Segment Routing with IPv6
[    3.556508] NET: Registered protocol family 17
[    3.565065] Key type dns_resolver registered
[    3.571917] mce: Using 0 MCE banks
[    3.578001] RAS: Correctable Errors collector initialized.
[    3.595963] sched_clock: Marking stable (3595790059, 0)->(6827742908, -3231952849)
[    3.638724] registered taskstats version 1
[    3.657194] Loading compiled-in X.509 certificates
[    3.698318] Loaded X.509 cert 'Build time autogenerated kernel key: cdc7189136aaa35407544516090e2034d9c28e14'
[    3.735202] Loaded X.509 cert 'Canonical Ltd. Live Patch Signing: 14df34d1a87cf37625abec039ef2bf521249b969'
[    3.768503] Loaded X.509 cert 'Canonical Ltd. Kernel Module Signing: 88f752e560a1e0737e31163a466ad7b70a850c19'
[    3.800485] blacklist: Loading compiled-in revocation X.509 certificates
[    3.824074] Loaded X.509 cert 'Canonical Ltd. Secure Boot Signing: 61482aa2830d0ab2ad5af10b7250da9033ddcef0'
[    3.859624] Loaded X.509 cert 'Canonical Ltd. Secure Boot Signing (2017): 242ade75ac4a15e50d50c84b0d45ff3eae707a03'
[    3.894993] Loaded X.509 cert 'Canonical Ltd. Secure Boot Signing (ESM 2018): 365188c1d374d6b07c3c8f240f8ef722433d6a8b'
[    3.935006] Loaded X.509 cert 'Canonical Ltd. Secure Boot Signing (2019): c0746fd6c5da3ae827864651ad66ae47fe24b3e8'
[    3.972005] Loaded X.509 cert 'Canonical Ltd. Secure Boot Signing (2021 v1): a8d54bbb3825cfb94fa13c9f8a594a195c107b8d'
[    4.003204] Loaded X.509 cert 'Canonical Ltd. Secure Boot Signing (2021 v2): 4cf046892d6fd3c9a5b03f98d845f90851dc6a8c'
[    4.038370] Loaded X.509 cert 'Canonical Ltd. Secure Boot Signing (2021 v3): 100437bb6de6e469b581e61cd66bce3ef4ed53af'
[    4.073354] Loaded X.509 cert 'Canonical Ltd. Secure Boot Signing (Ubuntu Core 2019): c1d57b8f6b743f23ee41f4f7ee292f06eecadfb9'
[    4.109423] zswap: loaded using pool lzo/zbud
[    4.159657] Key type big_key registered
[    4.173976] Key type trusted registered
[    4.204826] Key type encrypted registered
[    4.219431] AppArmor: AppArmor sha1 policy hashing enabled
[    4.238255] ima: No TPM chip found, activating TPM-bypass! (rc=-19)
[    4.254134] ima: Allocated hash algorithm: sha1
[    4.269554] evm: HMAC attrs: 0x1
[    4.281341]   Magic number: 4:950:685
[    4.295889]  clocksource: hash matches
[    4.313285] rtc_cmos rtc_cmos: setting system clock to 2024-08-19 13:40:03 UTC (1724074803)
[    4.341368] BIOS EDD facility v0.16 2004-Jun-25, 0 devices found
[    4.360493] EDD information not available.
[    4.382957] Freeing unused kernel image memory: 2480K
[    4.412738] Write protecting the kernel read-only data: 20480k
[    4.447022] Freeing unused kernel image memory: 2008K
[    4.464976] Freeing unused kernel image memory: 1820K
[    4.494173] x86/mm: Checked W+X mappings: passed, no W+X pages found.
Loading, please wait...
starting version 237
[    4.816485] Fusion MPT base driver 3.04.20
[    4.822187] Copyright (c) 1999-2008 LSI Corporation
[    4.850179] e1000: Intel(R) PRO/1000 Network Driver - version 7.3.21-k8-NAPI
[    4.876498] e1000: Copyright (c) 1999-2006 Intel Corporation.
[    5.002805] SSE version of gcm_enc/dec engaged.
[    5.026965] Fusion MPT SPI Host driver 3.04.20
[    5.161930] input: ImExPS/2 Generic Explorer Mouse as /devices/platform/i8042/serio1/input/input4
[    6.741091] e1000 0000:00:03.0 eth0: (PCI:33MHz:32-bit) 02:3b:7b:b7:3b:2d
[    6.760393] e1000 0000:00:03.0 eth0: Intel(R) PRO/1000 Network Connection
[    6.793877] mptbase: ioc0: Initiating bringup
[    6.939713] ioc0: LSI53C1030 A0: Capabilities={Initiator}
[    7.326195] scsi host2: ioc0: LSI53C1030 A0, FwRev=00000000h, Ports=1, MaxQ=256, IRQ=20
[    7.643940] scsi 2:0:0:0: Direct-Access     VBOX     HARDDISK         1.0  PQ: 0 ANSI: 5
[    7.800744] scsi target2:0:0: Beginning Domain Validation
[    7.837697] scsi target2:0:0: Domain Validation skipping write tests
[    7.857304] scsi target2:0:0: Ending Domain Validation
[    7.875446] scsi target2:0:0: asynchronous
[    7.896702] scsi 2:0:1:0: Direct-Access     VBOX     HARDDISK         1.0  PQ: 0 ANSI: 5
[    8.300621] scsi target2:0:1: Beginning Domain Validation
[    8.340287] scsi target2:0:1: Domain Validation skipping write tests
[    8.359468] scsi target2:0:1: Ending Domain Validation
[    8.376340] scsi target2:0:1: asynchronous
[    8.436543] sd 2:0:0:0: Attached scsi generic sg0 type 0
[    8.455789] sd 2:0:1:0: Attached scsi generic sg1 type 0
[    8.477430] sd 2:0:0:0: [sda] 83886080 512-byte logical blocks: (42.9 GB/40.0 GiB)
[    8.503237] sd 2:0:0:0: [sda] Write Protect is off
[    8.519168] sd 2:0:1:0: [sdb] 20480 512-byte logical blocks: (10.5 MB/10.0 MiB)
[    8.543587] sd 2:0:1:0: [sdb] Write Protect is off
[    8.559518] sd 2:0:0:0: [sda] Incomplete mode parameter data
[    8.576987] sd 2:0:0:0: [sda] Assuming drive cache: write through
[    8.597673] sd 2:0:1:0: [sdb] Incomplete mode parameter data
[    8.615498] sd 2:0:1:0: [sdb] Assuming drive cache: write through
[    8.651898]  sda: sda1
[    8.681243] sd 2:0:0:0: [sda] Attached SCSI disk
[    8.698690] sd 2:0:1:0: [sdb] Attached SCSI disk
[    9.410222] e1000 0000:00:08.0 eth1: (PCI:33MHz:32-bit) 08:00:27:e7:3e:64
[    9.430099] e1000 0000:00:08.0 eth1: Intel(R) PRO/1000 Network Connection
[    9.446526] e1000 0000:00:03.0 enp0s3: renamed from eth0
[    9.498128] e1000 0000:00:08.0 enp0s8: renamed from eth1
Begin: Loading essential drivers ... [   13.257555] raid6: sse2x1   gen()  5161 MB/s
[   13.320636] raid6: sse2x1   xor()  3209 MB/s
[   13.393774] raid6: sse2x2   gen()  7897 MB/s
[   13.456732] raid6: sse2x2   xor()  4073 MB/s
[   13.529747] raid6: sse2x4   gen()  8994 MB/s
[   13.601609] raid6: sse2x4   xor()  3980 MB/s
[   13.607922] raid6: using algorithm sse2x4 gen() 8994 MB/s
[   13.621012] raid6: .... xor() 3980 MB/s, rmw enabled
[   13.638034] raid6: using ssse3x2 recovery algorithm
[   13.694179] xor: measuring software checksum speed
[   13.756632]    prefetch64-sse:  9280.000 MB/sec
[   13.838013]    generic_sse: 14493.000 MB/sec
[   13.852008] xor: using function: generic_sse (14493.000 MB/sec)
[   13.880215] async_tx: api initialized (async)
done.
Begin: Running /scripts/init-premount ... done.
Begin: Mounting root file system ... Begin: Running /scripts/local-top ... done.
Begin: Running /scripts/local-premount ... [   14.163762] Btrfs loaded, crc32c=crc32c-intel
Scanning for Btrfs filesystems
done.
Begin: Will now check root file system ... fsck from util-linux 2.31.1
[/sbin/fsck.ext4 (1) -- /dev/sda1] fsck.ext4 -a -C0 /dev/sda1 
cloudimg-rootfs: clean, 107541/5120000 files, 1034597/10485499 blocks
done.
[   14.385904] EXT4-fs (sda1): mounted filesystem with ordered data mode. Opts: (null)
done.
Begin: Running /scripts/local-bottom ... done.
Begin: Running /scripts/init-bottom ... done.
[   15.086215] ip_tables: (C) 2000-2006 Netfilter Core Team
[   15.153943] systemd[1]: systemd 237 running in system mode. (+PAM +AUDIT +SELINUX +IMA +APPARMOR +SMACK +SYSVINIT +UTMP +LIBCRYPTSETUP +GCRYPT +GNUTLS +ACL +XZ +LZ4 +SECCOMP +BLKID +ELFUTILS +KMOD -IDN2 +IDN -PCRE2 default-hierarchy=hybrid)
[   15.219809] systemd[1]: Detected virtualization oracle.
[   15.240617] systemd[1]: Detected architecture x86-64.

Welcome to [1mUbuntu 18.04.6 LTS[0m!

[   15.363471] systemd[1]: Set hostname to <ubuntu-bionic>.
[   16.320111] systemd[1]: Started Forward Password Requests to Wall Directory Watch.
[[0;32m  OK  [0m] Started Forward Password Requests to Wall Directory Watch.
[   16.353768] systemd[1]: Reached target Swap.
[[0;32m  OK  [0m] Reached target Swap.
[   16.371219] systemd[1]: Set up automount Arbitrary Executable File Formats File System Automount Point.
[[0;32m  OK  [0m] Set up automount Arbitrary Executab…rmats File System Automount Point.
[   16.449961] systemd[1]: Created slice System Slice.
[[0;32m  OK  [0m] Created slice System Slice.
[   16.470240] systemd[1]: Created slice system-postgresql.slice.
[[0;32m  OK  [0m] Created slice system-postgresql.slice.
[   16.493618] systemd[1]: Listening on Syslog Socket.
[[0;32m  OK  [0m] Listening on Syslog Socket.
[[0;32m  OK  [0m] Listening on Journal Audit Socket.
[[0;32m  OK  [0m] Listening on fsck to fsckd communication Socket.
[[0;32m  OK  [0m] Reached target Mounting snaps.
[[0;32m  OK  [0m] Reached target Mounted snaps.
[[0;32m  OK  [0m] Created slice User and Session Slice.
[[0;32m  OK  [0m] Reached target Slices.
[[0;32m  OK  [0m] Listening on Journal Socket (/dev/log).
[[0;32m  OK  [0m] Listening on Device-mapper event daemon FIFOs.
[[0;32m  OK  [0m] Listening on /dev/initctl Compatibility Named Pipe.
[[0;32m  OK  [0m] Listening on udev Control Socket.
[[0;32m  OK  [0m] Listening on Journal Socket.
         Starting Set the console keyboard layout...
         Mounting Huge Pages File System...
         Starting Uncomplicated firewall...
         Starting Create list of required st…ce nodes for the current kernel...
         Mounting Kernel Debug File System...
         Starting Remount Root and Kernel File Systems...
         Starting Load Kernel Modules...
[[0;32m  OK  [0m] Listening on LVM2 poll daemon socket.
[[0;32m  OK  [0m] Reached target User and Group Name Lookups.
[[0;32m  OK  [0m] Created slice system-serial\x2dgetty.slice.
[[0;32m  OK  [0m] Listening on udev Kernel Socket.
[   16.713058] EXT4-fs (sda1): re-mounted. Opts: (null)
         Starting udev Coldplug all Devices...
[[0;32m  OK  [0m] Listening on LVM2 metadata daemon socket.
         Starting Monitoring of LVM2 mirrors…ng dmeventd or progress polling...
         Mounting POSIX Message Queue File System...
         Starting Journal Service...
[[0;32m  OK  [0m] Reached target System Time Synchronized.
[[0;32m  OK  [0m] Listening on Network Service Netlink Socket.
[[0;32m  OK  [0m] Mounted Huge Pages File System.[   16.898247] Loading iSCSI transport class v2.0-870.

[[0;32m  OK  [0m] Started Uncomplicated firewall.
[[0;32m  OK  [0m] Started Create list of required sta…vice nodes for the current kernel.
[[0;32m  OK  [0m] Mounted Kernel Debug File System.
[[0;32m  OK  [0m] Started Remount Root and Kernel File Systems.
[[0;32m  OK  [0m] Mounted POSIX Message Queue File System.
[[0;32m  OK  [0m[   17.058616] iscsi: registered transport (tcp)
] Started LVM2 metadata daemon.
         Starting Load/Save Random Seed...
         Starting Create Static Device Nodes in /dev...
[[0;32m  OK  [0m] Started Journal Service.
         Starting Flush Journal to Persistent Storage...
[[0;32m  OK  [0m] Started udev Coldplug all Devices.
[[0;32m  OK  [0m] Started Load/Save Random Seed.
[   17.215485] systemd-journald[432]: Received request to flush runtime journal from PID 1
[[0;32m  OK  [0m] Started Create Static Device Nodes in /dev.
[   17.291247] systemd-journald[432]: File /var/log/journal/abd0db3d4ea947c290d0e9d1fd46490f/system.journal corrupted or uncleanly shut down, renaming and replacing.
         Starting udev Kernel Device Manager...
[[0;32m  OK  [0m] Started Set the console keyboard layout.
[[0;32m  OK  [0m] Started Monitoring of LVM2 mirrors,…sing dmeventd or progress polling.
[[0;32m  OK  [0m] Reached target Local File Systems (Pre).
[[0;32m  OK  [0m] Reached target Local File Systems.
         Starting Set console font and keymap...
         Starting Tell Plymouth To Write Out Runtime Data...
         Starting ebtables ruleset management...
         Starting AppArmor initialization...
[   17.443669] iscsi: registered transport (iser)
[[0;32m  OK  [0m] Started Load Kernel Modules.
[[0;32m  OK  [0m] Started Set console font and keymap.
[[0;32m  OK  [0m] Started Tell Plymouth To Write Out Runtime Data.
[[0;32m  OK  [0m] Started Flush Journal to Persistent Storage.
         Starting Create Volatile Files and Directories...
         Mounting FUSE Control File System...
         Mounting Kernel Configuration File System...
         Starting Apply Kernel Variables...
[[0;32m  OK  [0m] Mounted FUSE Control File System.
[[0;32m  OK  [0m] Mounted Kernel Configuration File System.
[[0;32m  OK  [0m] Started udev Kernel Device Manager.
[[0;32m  OK  [0m] Started Dispatch Password Requests to Console Directory Watch.
[[0;32m  OK  [0m] Reached target Local Encrypted Volumes.
[[0;32m  OK  [0m] Started Create Volatile Files and Directories.
         Starting Update UTMP about System Boot/Shutdown...
[[0;32m  OK  [0m] Started Apply Kernel Variables.
[[0;32m  OK  [0m] Started Update UTMP about System Boot/Shutdown.
[[0;32m  OK  [0m] Started ebtables ruleset management.
[[0;32m  OK  [0m] Started AppArmor initialization.
         Starting Load AppArmor profiles managed internally by snapd...
         Starting Initial cloud-init job (pre-networking)...
[[0;32m  OK  [0m] Found device /dev/ttyS0.
         Mounting Arbitrary Executable File Formats File System...
[[0;32m  OK  [0m] Listening on Load/Save RF Kill Switch Status /dev/rfkill Watch.
[[0;32m  OK  [0m] Mounted Arbitrary Executable File Formats File System.
[[0;32m  OK  [0m] Started Load AppArmor profiles managed internally by snapd.
[   21.736854] cloud-init[541]: Cloud-init v. 23.1.2-0ubuntu0~18.04.1 running 'init-local' at Mon, 19 Aug 2024 13:40:20 +0000. Up 21.23 seconds.
[[0;32m  OK  [0m] Started Initial cloud-init job (pre-networking).
[[0;32m  OK  [0m] Reached target Network (Pre).
         Starting Network Service...
[[0;32m  OK  [0m] Started Network Service.
         Starting Network Name Resolution...
         Starting Wait for Network to be Configured...
[[0;32m  OK  [0m] Started Network Name Resolution.
[[0;32m  OK  [0m] Reached target Network.
[[0;32m  OK  [0m] Reached target Host and Network Name Lookups.
[[0;32m  OK  [0m] Started Wait for Network to be Configured.
         Starting Initial cloud-init job (metadata service crawler)...
[   25.378876] cloud-init[687]: Cloud-init v. 23.1.2-0ubuntu0~18.04.1 running 'init' at Mon, 19 Aug 2024 13:40:24 +0000. Up 24.99 seconds.
[   25.393123] cloud-init[687]: ci-info: ++++++++++++++++++++++++++++++++++++++Net device info+++++++++++++++++++++++++++++++++++++++
[   25.407537] cloud-init[687]: ci-info: +--------+------+-----------------------------+---------------+--------+-------------------+
[   25.423838] cloud-init[687]: ci-info: | Device |  Up  |           Address           |      Mask     | Scope  |     Hw-Address    |
[   25.437209] cloud-init[687]: ci-info: +--------+------+-----------------------------+---------------+--------+-------------------+
[   25.450683] cloud-init[687]: ci-info: | enp0s3 | True |          10.0.2.15          | 255.255.255.0 | global | 02:3b:7b:b7:3b:2d |
[   25.464921] cloud-init[687]: ci-info: | enp0s3 | True |  fe80::3b:7bff:feb7:3b2d/64 |       .       |  link  | 02:3b:7b:b7:3b:2d |
[   25.476089] cloud-init[687]: ci-info: | enp0s8 | True |        192.168.10.15        | 255.255.255.0 | global | 08:00:27:e7:3e:64 |
[   25.489793] cloud-init[687]: ci-info: | enp0s8 | True | fe80::a00:27ff:fee7:3e64/64 |       .       |  link  | 08:00:27:e7:3e:64 |
[   25.503131] cloud-init[687]: ci-info: |   lo   | True |          127.0.0.1          |   255.0.0.0   |  host  |         .         |
[   25.517107] cloud-init[687]: ci-info: |   lo   | True |           ::1/128           |       .       |  host  |         .         |
[   25.531045] cloud-init[687]: ci-info: +--------+------+-----------------------------+---------------+--------+-------------------+
[   25.543513] cloud-init[687]: ci-info: +++++++++++++++++++++++++++++Route IPv4 info+++++++++++++++++++++++++++++
[   25.554882] cloud-init[687]: ci-info: +-------+--------------+----------+-----------------+-----------+-------+
[   25.573898] cloud-init[687]: ci-info: | Route | Destination  | Gateway  |     Genmask     | Interface | Flags |
[   25.597346] cloud-init[687]: ci-info: +-------+--------------+----------+-----------------+-----------+-------+
[   25.617016] cloud-init[687]: ci-info: |   0   |   0.0.0.0    | 10.0.2.2 |     0.0.0.0     |   enp0s3  |   UG  |
[   25.637501] cloud-init[687]: ci-info: |   1   |   10.0.2.0   | 0.0.0.0  |  255.255.255.0  |   enp0s3  |   U   |
[   25.655120] cloud-init[687]: ci-info: |   2   |   10.0.2.2   | 0.0.0.0  | 255.255.255.255 |   enp0s3  |   UH  |
[   25.669886] cloud-init[687]: ci-info: |   3   | 192.168.10.0 | 0.0.0.0  |  255.255.255.0  |   enp0s8  |   U   |
[   25.685397] cloud-init[687]: ci-info: +-------+--------------+----------+-----------------+-----------+-------+
[   25.702841] cloud-init[687]: ci-info: +++++++++++++++++++Route IPv6 info+++++++++++++++++++
[   25.717452] cloud-init[687]: ci-info: +-------+-------------+---------+-----------+-------+
[   25.737059] cloud-init[687]: ci-info: | Route | Destination | Gateway | Interface | Flags |
[   25.745406] cloud-init[687]: ci-info: +-------+-------------+---------+-----------+-------+
[   25.753781] cloud-init[687]: ci-info: |   1   |  fe80::/64  |    ::   |   enp0s8  |   U   |
[   25.761918] cloud-init[687]: ci-info: |   2   |  fe80::/64  |    ::   |   enp0s3  |   U   |
[   25.771386] cloud-init[687]: ci-info: |   4   |    local    |    ::   |   enp0s3  |   U   |
[   25.781477] cloud-init[687]: ci-info: |   5   |    local    |    ::   |   enp0s8  |   U   |
[   25.791032] cloud-init[687]: ci-info: |   6   |   ff00::/8  |    ::   |   enp0s8  |   U   |
[   25.800541] cloud-init[687]: ci-info: |   7   |   ff00::/8  |    ::   |   enp0s3  |   U   |
[   25.809997] cloud-init[687]: ci-info: +-------+-------------+---------+-----------+-------+
[[0;32m  OK  [0m] Started Initial cloud-init job (metadata service crawler).
[[0;32m  OK  [0m] Reached target Network is Online.
[[0;32m  OK  [0m] Reached target Remote File Systems (Pre).
         Mounting /vagrant...
         Mounting /opt/scripts...
         Starting Availability of block devices...
[[0;32m  OK  [0m] Reached target Cloud-config availability.
[[0;32m  OK  [0m] Reached target System Initialization.
[[0;32m  OK  [0m] Started Message of the Day.
         Starting LXD - unix socket.
[[0;32m  OK  [0m] Started Daily apt download activities.
[[0;32m  OK  [0m] Listening on Open-iSCSI iscsid Socket.
         Starting Socket activation for snappy daemon.
[[0;32m  OK  [0m] Listening on cloud-init hotplug hook socket.
[[0;32m  OK  [0m] Started Ubuntu Advantage Timer for running repeated jobs.
[[0;32m  OK  [0m] Started Discard unused blocks once a week.
[[0;32m  OK  [0m] Listening on D-Bus System Message Bus Socket.
[[0;32m  OK  [0m] Started Daily apt upgrade and clean activities.
[[0;32m  OK  [0m] Started Daily Cleanup of Temporary Directories.
[[0;32m  OK  [0m] Started ACPI Events Check.
[[0;32m  OK  [0m] Reached target Paths.
[[0;32m  OK  [0m] Listening on UUID daemon activation socket.
[[0;32m  OK  [0m] Reached target Timers.
[[0;32m  OK  [0m] Listening on ACPID Listen Socket.
[[0;32m  OK  [0m] Mounted /vagrant.
[[0;32m  OK  [0m] Mounted /opt/scripts.
[[0;32m  OK  [0m] Started Availability of block devices.
[[0;32m  OK  [0m] Listening on LXD - unix socket.
[[0;32m  OK  [0m] Listening on Socket activation for snappy daemon.
[[0;32m  OK  [0m] Reached target Sockets.
[[0;32m  OK  [0m] Reached target Basic System.
         Starting A high performance web server and a reverse proxy server...
[[0;32m  OK  [0m] Started FUSE filesystem for LXC.
[[0;32m  OK  [0m] Started Regular background program processing daemon.
         Starting LXD - container startup/shutdown...
[[0;32m  OK  [0m] Started D-Bus System Message Bus.
         Starting SonarQube service...
         Starting Dispatcher daemon for systemd-networkd...
[[0;32m  OK  [0m] Reached target Login Prompts (Pre).
         Starting Virtualbox guest utils...
         Starting LSB: Record successful boot for GRUB...
         Starting Resets System Activity Data Collector...
         Starting Login Service...
         Starting Snap Daemon...
         Starting PostgreSQL Cluster 10-main...
[[0;32m  OK  [0m] Started Deferred execution scheduler.
         Starting System Logging Service...
[[0;32m  OK  [0m] Started irqbalance daemon.
         Starting OpenBSD Secure Shell server...
         Starting Accounts Service...
[[0;32m  OK  [0m] Reached target Remote File Systems.
         Starting Permit User Sessions...
         Starting LSB: automatic crash report generation...
[[0;32m  OK  [0m] Started System Logging Service.
[[0;32m  OK  [0m] Started Resets System Activity Data Collector.
[[0;32m  OK  [0m] Started Login Service.
[[0;32m  OK  [0m] Started A high performance web server and a reverse proxy server.
[[0;32m  OK  [0m] Started Unattended Upgrades Shutdown.
[[0;32m  OK  [0m] Started Permit User Sessions.
         Starting Terminate Plymouth Boot Screen...
         Starting Hold until boot process finishes up...
[[0;32m  OK  [0m] Started Terminate Plymouth Boot Screen.
[[0;32m  OK  [0m] Started Hold until boot process finishes up.
[[0;32m  OK  [0m] Started Serial Getty on ttyS0.
         Starting Set console scheme...
[[0;32m  OK  [0m] Started Dispatcher daemon for systemd-networkd.
[[0;32m  OK  [0m] Started OpenBSD Secure Shell server.
[[0;32m  OK  [0m] Started Set console scheme.
[[0;32m  OK  [0m] Created slice system-getty.slice.
[[0;32m  OK  [0m] Started Getty on tty1.
[[0;32m  OK  [0m] Reached target Login Prompts.
[[0;32m  OK  [0m] Started LSB: Record successful boot for GRUB.
[[0;32m  OK  [0m] Started LSB: automatic crash report generation.
[[0;32m  OK  [0m] Started SonarQube service.
         Starting Authorization Manager...
[[0;32m  OK  [0m] Started Virtualbox guest utils.
[[0;32m  OK  [0m] Started LXD - container startup/shutdown.
[[0;32m  OK  [0m] Started Authorization Manager.
[[0;32m  OK  [0m] Started Accounts Service.
[[0;32m  OK  [0m] Started Snap Daemon.
         Starting Wait until snapd is fully seeded...
         Starting Time & Date Service...
[[0;32m  OK  [0m] Started Time & Date Service.
[[0;32m  OK  [0m] Started Wait until snapd is fully seeded.
         Starting Apply the settings specified in cloud-config...
[   32.889155] cloud-init[1230]: Cloud-init v. 23.1.2-0ubuntu0~18.04.1 running 'modules:config' at Mon, 19 Aug 2024 13:40:31 +0000. Up 32.41 seconds.

Ubuntu 18.04.6 LTS ubuntu-bionic ttyS0

ubuntu-bionic login: [   35.090875] cloud-init[1302]: Cloud-init v. 23.1.2-0ubuntu0~18.04.1 running 'modules:final' at Mon, 19 Aug 2024 13:40:33 +0000. Up 34.50 seconds.
[   35.091196] cloud-init[1302]: Cloud-init v. 23.1.2-0ubuntu0~18.04.1 finished at Mon, 19 Aug 2024 13:40:34 +0000. Datasource DataSourceNoCloud [seed=/dev/sdb][dsmode=net].  Up 35.06 seconds
